#
# A fatal error has been detected by the Java Runtime Environment:
#
#  SIGSEGV (0xb) at pc=0x00007fff88afaf07, pid=4727, tid=80899
#
# JRE version: Java(TM) SE Runtime Environment (8.0_60-b27) (build 1.8.0_60-b27)
# Java VM: Java HotSpot(TM) 64-Bit Server VM (25.60-b23 mixed mode bsd-amd64 compressed oops)
# Problematic frame:
# C  [CoreFoundation+0x4cf07]  CFSetRemoveValue+0x27
#
# Failed to write core dump. Core dumps have been disabled. To enable core dumping, try "ulimit -c unlimited" before starting Java again
#
# If you would like to submit a bug report, please visit:
#   http://bugreport.java.com/bugreport/crash.jsp
#

---------------  T H R E A D  ---------------

Current thread is native thread

siginfo: si_signo: 11 (SIGSEGV), si_code: 1 (SEGV_MAPERR), si_addr: 0x000000000000000c

Registers:
RAX=0x0000000000000000, RBX=0x000000000000000c, RCX=0x00007fff91a4ce03, RDX=0x00007fe8e794a1f0
RSP=0x0000700002183f70, RBP=0x0000700002183f90, RSI=0x00007fe8e794a1f0, RDI=0x000000000000000c
R8 =0xffffffffffffffff, R9 =0x0000000000000000, R10=0x0000000000000030, R11=0x0000000000000206
R12=0xc1004f356ff757d2, R13=0x0000700002183fd0, R14=0x00007fe8e794a1f0, R15=0x0000000000000002
RIP=0x00007fff88afaf07, EFLAGS=0x0000000000010246, ERR=0x0000000000000004
  TRAPNO=0x000000000000000e

Top of Stack: (sp=0x0000700002183f70)
0x0000700002183f70:   0000000000000000 00007fe8e793d310
0x0000700002183f80:   00007fe8e794a1f0 0000000000000002
0x0000700002183f90:   0000700002183fb0 00007fff91a4ce52
0x0000700002183fa0:   0000700002183fc0 00007fe8e794a1f0
0x0000700002183fb0:   0000700002184000 00007fff91a49cbd
0x0000700002183fc0:   00007fe8e794a920 00007fe8e798ee80
0x0000700002183fd0:   c1004f356ff757d2 0000700002185260
0x0000700002183fe0:   0000700002185218 00007000021851f0
0x0000700002183ff0:   000000000001040f 000000000000000c
0x0000700002184000:   0000700002184050 00007fff91a25cb9
0x0000700002184010:   00007000021851c8 0000000000003c0b
0x0000700002184020:   0000000202184050 0000700002185100
0x0000700002184030:   00007fe8e7949fc0 00007fe8e794a7c0
0x0000700002184040:   00007fe8e794a030 0000000000000000
0x0000700002184050:   00007000021840a0 00007fff88b40242
0x0000700002184060:   0000000000000000 00007fe8e794a7c0
0x0000700002184070:   000000000000007c 00007000021851c8
0x0000700002184080:   00007fe8e7949ac0 00007fe8e7949ad8
0x0000700002184090:   00007fe8e15b3ac0 00007fe8e15b32e0
0x00007000021840a0:   00007000021840c0 00007fff88b40109
0x00007000021840b0:   0000000000000000 00007fff77774b43
0x00007000021840c0:   0000700002185140 00007fff88b40079
0x00007000021840d0:   0000000000000000 00007000021851f0
0x00007000021840e0:   000000000000007c 00007000021851c8
0x00007000021840f0:   0000000000000000 0000000000000000
0x0000700002184100:   0000000000000000 0000000000000000
0x0000700002184110:   0000000000000000 0000000000000000
0x0000700002184120:   0000000000000000 0000000000000000
0x0000700002184130:   0000000000000000 0000000000000000
0x0000700002184140:   0000000000000000 0000000000000000
0x0000700002184150:   0000000000000000 0000000000000000
0x0000700002184160:   0000000000000000 0000000000000000 

Instructions: (pc=0x00007fff88afaf07)
0x00007fff88afaee7:   56 53 50 49 89 f6 48 89 fb 48 83 3d c8 a9 c7 ee
0x00007fff88afaef7:   ff 0f 85 a6 00 00 00 f6 c3 01 0f 85 80 00 00 00
0x00007fff88afaf07:   48 8b 03 48 85 c0 74 40 48 8d 0d 22 9c c7 ee 48
0x00007fff88afaf17:   3b 01 74 34 48 8b 0d a6 a9 c7 ee 45 31 ff 48 81 

Register to memory mapping:

RAX=0x0000000000000000 is an unknown value
RBX=0x000000000000000c is an unknown value
RCX=0x00007fff91a4ce03: __IOHIDManagerDeviceRemoved+0 in /System/Library/Frameworks/IOKit.framework/Versions/A/IOKit at 0x00007fff91a20000
RDX=0x00007fe8e794a1f0 is an unknown value
RSP=0x0000700002183f70 is an unknown value
RBP=0x0000700002183f90 is an unknown value
RSI=0x00007fe8e794a1f0 is an unknown value
RDI=0x000000000000000c is an unknown value
R8 =0xffffffffffffffff is an unknown value
R9 =0x0000000000000000 is an unknown value
R10=0x0000000000000030 is an unknown value
R11=0x0000000000000206 is an unknown value
R12=0xc1004f356ff757d2 is an unknown value
R13=0x0000700002183fd0 is an unknown value
R14=0x00007fe8e794a1f0 is an unknown value
R15=0x0000000000000002 is an unknown value


Stack: [0x0000700002106000,0x0000700002186000],  sp=0x0000700002183f70,  free space=503k
Native frames: (J=compiled Java code, j=interpreted, Vv=VM code, C=native code)
C  [CoreFoundation+0x4cf07]  CFSetRemoveValue+0x27
C  [IOKit+0x2ce52]  __IOHIDManagerDeviceRemoved+0x4f
C  [IOKit+0x29cbd]  __IOHIDDeviceNotification+0xbb
C  [IOKit+0x5cb9]  IODispatchCalloutFromCFMessage+0x100
C  [CoreFoundation+0x92242]  __CFMachPortPerform+0x122
C  [CoreFoundation+0x92109]  __CFRUNLOOP_IS_CALLING_OUT_TO_A_SOURCE1_PERFORM_FUNCTION__+0x29
C  [CoreFoundation+0x92079]  __CFRunLoopDoSource1+0x1d9
C  [CoreFoundation+0x89aab]  __CFRunLoopRun+0x87b
C  [CoreFoundation+0x88fc8]  CFRunLoopRunSpecific+0x128
C  [jna87016535636915173.tmp+0x2232]  read_thread+0x112
C  [libsystem_pthread.dylib+0x39b1]  _pthread_body+0x83
C  [libsystem_pthread.dylib+0x392e]  _pthread_body+0x0
C  [libsystem_pthread.dylib+0x1385]  thread_start+0xd


---------------  P R O C E S S  ---------------

VM state:not at safepoint (normal execution)

VM Mutex/Monitor currently owned by a thread: None

Heap:
 PSYoungGen      total 47616K, used 14700K [0x000000078ab00000, 0x0000000790800000, 0x00000007c0000000)
  eden space 40960K, 35% used [0x000000078ab00000,0x000000078b95b068,0x000000078d300000)
  from space 6656K, 0% used [0x000000078d300000,0x000000078d300000,0x000000078d980000)
  to   space 6656K, 0% used [0x0000000790180000,0x0000000790180000,0x0000000790800000)
 ParOldGen       total 109568K, used 8239K [0x0000000720000000, 0x0000000726b00000, 0x000000078ab00000)
  object space 109568K, 7% used [0x0000000720000000,0x000000072080bf40,0x0000000726b00000)
 Metaspace       used 23626K, capacity 24637K, committed 24704K, reserved 1071104K
  class space    used 3459K, capacity 3672K, committed 3712K, reserved 1048576K

Card table byte_map: [0x0000000121349000,0x000000012184a000] byte_map_base: 0x000000011da49000

Marking Bits: (ParMarkBitMap*) 0x00000001118dee20
 Begin Bits: [0x0000000121ba0000, 0x00000001243a0000)
 End Bits:   [0x00000001243a0000, 0x0000000126ba0000)

Polling page: 0x000000010ff02000

CodeCache: size=245760Kb used=6950Kb max_used=6950Kb free=238809Kb
 bounds [0x0000000111f89000, 0x0000000112659000, 0x0000000120f89000]
 total_blobs=2720 nmethods=2017 adapters=616
 compilation: enabled

Compilation events (10 events):
Event: 21.657 Thread 0x00007fe8e280e000 2015       3       java.lang.invoke.InnerClassLambdaMetafactory::generateConstructor (151 bytes)
Event: 21.659 Thread 0x00007fe8e280e000 nmethod 2015 0x0000000112649a90 code [0x0000000112649dc0, 0x000000011264b398]
Event: 21.659 Thread 0x00007fe8e280e000 2014       3       java.lang.invoke.MethodHandleNatives::linkCallSiteImpl (44 bytes)
Event: 21.659 Thread 0x00007fe8e280e000 nmethod 2014 0x0000000112648d50 code [0x0000000112648f20, 0x0000000112649678]
Event: 21.888 Thread 0x00007fe8e280e000 2016   !   3       com.sun.jna.Structure::deriveLayout (1022 bytes)
Event: 21.893 Thread 0x00007fe8e280e000 nmethod 2016 0x000000011264c290 code [0x000000011264cbc0, 0x0000000112653da8]
Event: 22.084 Thread 0x00007fe8e280e000 2017       3       java.util.Collections::synchronizedMap (9 bytes)
Event: 22.084 Thread 0x00007fe8e280e000 nmethod 2017 0x0000000112648610 code [0x00000001126487a0, 0x0000000112648b68]
Event: 22.084 Thread 0x00007fe8e280e000 2018       3       java.util.Collections$SynchronizedMap::<init> (21 bytes)
Event: 22.084 Thread 0x00007fe8e280e000 nmethod 2018 0x0000000112643510 code [0x00000001126436a0, 0x00000001126439c8]

GC Heap History (8 events):
Event: 0.983 GC heap before
{Heap before GC invocations=1 (full 0):
 PSYoungGen      total 47616K, used 40960K [0x000000078ab00000, 0x000000078e000000, 0x00000007c0000000)
  eden space 40960K, 100% used [0x000000078ab00000,0x000000078d300000,0x000000078d300000)
  from space 6656K, 0% used [0x000000078d980000,0x000000078d980000,0x000000078e000000)
  to   space 6656K, 0% used [0x000000078d300000,0x000000078d300000,0x000000078d980000)
 ParOldGen       total 109568K, used 0K [0x0000000720000000, 0x0000000726b00000, 0x000000078ab00000)
  object space 109568K, 0% used [0x0000000720000000,0x0000000720000000,0x0000000726b00000)
 Metaspace       used 12811K, capacity 13208K, committed 13440K, reserved 1060864K
  class space    used 1725K, capacity 1841K, committed 1920K, reserved 1048576K
Event: 0.988 GC heap after
Heap after GC invocations=1 (full 0):
 PSYoungGen      total 47616K, used 5032K [0x000000078ab00000, 0x000000078e000000, 0x00000007c0000000)
  eden space 40960K, 0% used [0x000000078ab00000,0x000000078ab00000,0x000000078d300000)
  from space 6656K, 75% used [0x000000078d300000,0x000000078d7ea060,0x000000078d980000)
  to   space 6656K, 0% used [0x000000078d980000,0x000000078d980000,0x000000078e000000)
 ParOldGen       total 109568K, used 80K [0x0000000720000000, 0x0000000726b00000, 0x000000078ab00000)
  object space 109568K, 0% used [0x0000000720000000,0x0000000720014010,0x0000000726b00000)
 Metaspace       used 12811K, capacity 13208K, committed 13440K, reserved 1060864K
  class space    used 1725K, capacity 1841K, committed 1920K, reserved 1048576K
}
Event: 1.539 GC heap before
{Heap before GC invocations=2 (full 0):
 PSYoungGen      total 47616K, used 45992K [0x000000078ab00000, 0x000000078e000000, 0x00000007c0000000)
  eden space 40960K, 100% used [0x000000078ab00000,0x000000078d300000,0x000000078d300000)
  from space 6656K, 75% used [0x000000078d300000,0x000000078d7ea060,0x000000078d980000)
  to   space 6656K, 0% used [0x000000078d980000,0x000000078d980000,0x000000078e000000)
 ParOldGen       total 109568K, used 80K [0x0000000720000000, 0x0000000726b00000, 0x000000078ab00000)
  object space 109568K, 0% used [0x0000000720000000,0x0000000720014010,0x0000000726b00000)
 Metaspace       used 19699K, capacity 20408K, committed 20480K, reserved 1067008K
  class space    used 2883K, capacity 3065K, committed 3072K, reserved 1048576K
Event: 1.549 GC heap after
Heap after GC invocations=2 (full 0):
 PSYoungGen      total 47616K, used 6649K [0x000000078ab00000, 0x0000000790800000, 0x00000007c0000000)
  eden space 40960K, 0% used [0x000000078ab00000,0x000000078ab00000,0x000000078d300000)
  from space 6656K, 99% used [0x000000078d980000,0x000000078dffe448,0x000000078e000000)
  to   space 6656K, 0% used [0x000000078d300000,0x000000078d300000,0x000000078d980000)
 ParOldGen       total 109568K, used 3849K [0x0000000720000000, 0x0000000726b00000, 0x000000078ab00000)
  object space 109568K, 3% used [0x0000000720000000,0x00000007203c25e0,0x0000000726b00000)
 Metaspace       used 19699K, capacity 20408K, committed 20480K, reserved 1067008K
  class space    used 2883K, capacity 3065K, committed 3072K, reserved 1048576K
}
Event: 1.596 GC heap before
{Heap before GC invocations=3 (full 0):
 PSYoungGen      total 47616K, used 9234K [0x000000078ab00000, 0x0000000790800000, 0x00000007c0000000)
  eden space 40960K, 6% used [0x000000078ab00000,0x000000078ad86548,0x000000078d300000)
  from space 6656K, 99% used [0x000000078d980000,0x000000078dffe448,0x000000078e000000)
  to   space 6656K, 0% used [0x000000078d300000,0x000000078d300000,0x000000078d980000)
 ParOldGen       total 109568K, used 3849K [0x0000000720000000, 0x0000000726b00000, 0x000000078ab00000)
  object space 109568K, 3% used [0x0000000720000000,0x00000007203c25e0,0x0000000726b00000)
 Metaspace       used 20455K, capacity 21200K, committed 21296K, reserved 1067008K
  class space    used 2986K, capacity 3185K, committed 3200K, reserved 1048576K
Event: 1.603 GC heap after
Heap after GC invocations=3 (full 0):
 PSYoungGen      total 47616K, used 6649K [0x000000078ab00000, 0x0000000790800000, 0x00000007c0000000)
  eden space 40960K, 0% used [0x000000078ab00000,0x000000078ab00000,0x000000078d300000)
  from space 6656K, 99% used [0x000000078d300000,0x000000078d97e438,0x000000078d980000)
  to   space 6656K, 0% used [0x0000000790180000,0x0000000790180000,0x0000000790800000)
 ParOldGen       total 109568K, used 4604K [0x0000000720000000, 0x0000000726b00000, 0x000000078ab00000)
  object space 109568K, 4% used [0x0000000720000000,0x000000072047f1b8,0x0000000726b00000)
 Metaspace       used 20455K, capacity 21200K, committed 21296K, reserved 1067008K
  class space    used 2986K, capacity 3185K, committed 3200K, reserved 1048576K
}
Event: 1.603 GC heap before
{Heap before GC invocations=4 (full 1):
 PSYoungGen      total 47616K, used 6649K [0x000000078ab00000, 0x0000000790800000, 0x00000007c0000000)
  eden space 40960K, 0% used [0x000000078ab00000,0x000000078ab00000,0x000000078d300000)
  from space 6656K, 99% used [0x000000078d300000,0x000000078d97e438,0x000000078d980000)
  to   space 6656K, 0% used [0x0000000790180000,0x0000000790180000,0x0000000790800000)
 ParOldGen       total 109568K, used 4604K [0x0000000720000000, 0x0000000726b00000, 0x000000078ab00000)
  object space 109568K, 4% used [0x0000000720000000,0x000000072047f1b8,0x0000000726b00000)
 Metaspace       used 20455K, capacity 21200K, committed 21296K, reserved 1067008K
  class space    used 2986K, capacity 3185K, committed 3200K, reserved 1048576K
Event: 1.638 GC heap after
Heap after GC invocations=4 (full 1):
 PSYoungGen      total 47616K, used 0K [0x000000078ab00000, 0x0000000790800000, 0x00000007c0000000)
  eden space 40960K, 0% used [0x000000078ab00000,0x000000078ab00000,0x000000078d300000)
  from space 6656K, 0% used [0x000000078d300000,0x000000078d300000,0x000000078d980000)
  to   space 6656K, 0% used [0x0000000790180000,0x0000000790180000,0x0000000790800000)
 ParOldGen       total 109568K, used 8239K [0x0000000720000000, 0x0000000726b00000, 0x000000078ab00000)
  object space 109568K, 7% used [0x0000000720000000,0x000000072080bf40,0x0000000726b00000)
 Metaspace       used 20451K, capacity 21194K, committed 21296K, reserved 1067008K
  class space    used 2986K, capacity 3184K, committed 3200K, reserved 1048576K
}

Deoptimization events (10 events):
Event: 1.713 Thread 0x00007fe8e20b4800 Uncommon trap: reason=speculate_class_check action=maybe_recompile pc=0x00000001124968cc method=com.sun.javafx.css.BitSet.containsAll(Ljava/util/Collection;)Z @ 18
Event: 1.713 Thread 0x00007fe8e20b4800 Uncommon trap: reason=speculate_class_check action=maybe_recompile pc=0x00000001124968cc method=com.sun.javafx.css.BitSet.containsAll(Ljava/util/Collection;)Z @ 18
Event: 1.714 Thread 0x00007fe8e20b4800 Uncommon trap: reason=class_check action=maybe_recompile pc=0x00000001120a465c method=java.lang.String.equals(Ljava/lang/Object;)Z @ 8
Event: 1.758 Thread 0x00007fe8e20b4800 Uncommon trap: reason=unstable_if action=reinterpret pc=0x00000001124cc044 method=javafx.beans.property.ObjectPropertyBase.get()Ljava/lang/Object; @ 9
Event: 1.788 Thread 0x00007fe8e20b4800 Uncommon trap: reason=unstable_if action=reinterpret pc=0x000000011234952c method=java.lang.ClassLoader.checkName(Ljava/lang/String;)Z @ 20
Event: 1.825 Thread 0x00007fe8e20b4800 Uncommon trap: reason=class_check action=maybe_recompile pc=0x00000001123a89e4 method=java.io.FilterInputStream.read()I @ 4
Event: 1.825 Thread 0x00007fe8e20b4800 Uncommon trap: reason=class_check action=maybe_recompile pc=0x00000001123a89e4 method=java.io.FilterInputStream.read()I @ 4
Event: 1.825 Thread 0x00007fe8e20b4800 Uncommon trap: reason=class_check action=maybe_recompile pc=0x00000001123a89e4 method=java.io.FilterInputStream.read()I @ 4
Event: 1.825 Thread 0x00007fe8e20b4800 Uncommon trap: reason=class_check action=maybe_recompile pc=0x00000001123a89e4 method=java.io.FilterInputStream.read()I @ 4
Event: 21.685 Thread 0x00007fe8e19b8000 Uncommon trap: reason=null_check action=make_not_entrant pc=0x00000001126454ac method=com.sun.jna.Native.getNativeSize(Ljava/lang/Class;)I @ 4

Internal exceptions (10 events):
Event: 1.228 Thread 0x00007fe8e20b4800 Exception <a 'java/security/PrivilegedActionException'> (0x000000078bfc0968) thrown at [/Users/java_re/workspace/8-2-build-macosx-x86_64/jdk8u60/4407/hotspot/src/share/vm/prims/jvm.cpp, line 1386]
Event: 1.228 Thread 0x00007fe8e20b4800 Exception <a 'java/security/PrivilegedActionException'> (0x000000078bfc0d60) thrown at [/Users/java_re/workspace/8-2-build-macosx-x86_64/jdk8u60/4407/hotspot/src/share/vm/prims/jvm.cpp, line 1386]
Event: 1.228 Thread 0x00007fe8e20b4800 Exception <a 'java/security/PrivilegedActionException'> (0x000000078bfc4018) thrown at [/Users/java_re/workspace/8-2-build-macosx-x86_64/jdk8u60/4407/hotspot/src/share/vm/prims/jvm.cpp, line 1386]
Event: 1.228 Thread 0x00007fe8e20b4800 Exception <a 'java/security/PrivilegedActionException'> (0x000000078bfc4410) thrown at [/Users/java_re/workspace/8-2-build-macosx-x86_64/jdk8u60/4407/hotspot/src/share/vm/prims/jvm.cpp, line 1386]
Event: 1.228 Thread 0x00007fe8e20b4800 Exception <a 'java/security/PrivilegedActionException'> (0x000000078bfc7730) thrown at [/Users/java_re/workspace/8-2-build-macosx-x86_64/jdk8u60/4407/hotspot/src/share/vm/prims/jvm.cpp, line 1386]
Event: 1.228 Thread 0x00007fe8e20b4800 Exception <a 'java/security/PrivilegedActionException'> (0x000000078bfc7b28) thrown at [/Users/java_re/workspace/8-2-build-macosx-x86_64/jdk8u60/4407/hotspot/src/share/vm/prims/jvm.cpp, line 1386]
Event: 1.228 Thread 0x00007fe8e20b4800 Exception <a 'java/security/PrivilegedActionException'> (0x000000078bfcaed0) thrown at [/Users/java_re/workspace/8-2-build-macosx-x86_64/jdk8u60/4407/hotspot/src/share/vm/prims/jvm.cpp, line 1386]
Event: 1.228 Thread 0x00007fe8e20b4800 Exception <a 'java/security/PrivilegedActionException'> (0x000000078bfcb2c8) thrown at [/Users/java_re/workspace/8-2-build-macosx-x86_64/jdk8u60/4407/hotspot/src/share/vm/prims/jvm.cpp, line 1386]
Event: 21.655 Thread 0x00007fe8e220a000 Exception <a 'java/lang/InterruptedException': sleep interrupted> (0x000000078b73dd88) thrown at [/Users/java_re/workspace/8-2-build-macosx-x86_64/jdk8u60/4407/hotspot/src/share/vm/prims/jvm.cpp, line 3215]
Event: 21.656 Thread 0x00007fe8e1beb000 Exception <a 'java/lang/IllegalStateException'> (0x000000078b84a990) thrown at [/Users/java_re/workspace/8-2-build-macosx-x86_64/jdk8u60/4407/hotspot/src/share/vm/prims/jvm.cpp, line 1390]

Events (10 events):
Event: 21.655 loading class com/sun/javafx/tk/quantum/QuantumRenderer
Event: 21.655 loading class com/sun/javafx/tk/quantum/QuantumRenderer done
Event: 21.656 loading class com/sun/javafx/tk/quantum/QuantumToolkit
Event: 21.656 loading class com/sun/javafx/tk/quantum/QuantumToolkit done
Event: 21.656 Thread 0x00007fe8e303b000 Thread exited: 0x00007fe8e303b000
Event: 21.656 Thread 0x00007fe8e1beb000 Thread exited: 0x00007fe8e1beb000
Event: 21.657 Thread 0x00007fe8e249a000 Thread exited: 0x00007fe8e249a000
Event: 21.685 Thread 0x00007fe8e19b8000 Uncommon trap: trap_request=0xfffffff4 fr.pc=0x00000001126454ac
Event: 21.685 Thread 0x00007fe8e19b8000 DEOPT PACKING pc=0x00000001126454ac sp=0x0000700002288280
Event: 21.685 Thread 0x00007fe8e19b8000 DEOPT UNPACKING pc=0x0000000111f8e229 sp=0x0000700002288238 mode 2


Dynamic libraries:
0x0000000007349000 	/System/Library/Frameworks/Cocoa.framework/Versions/A/Cocoa
0x0000000007349000 	/System/Library/Frameworks/Security.framework/Versions/A/Security
0x0000000007349000 	/System/Library/Frameworks/ApplicationServices.framework/Versions/A/ApplicationServices
0x0000000007349000 	/usr/lib/libz.1.dylib
0x0000000007349000 	/usr/lib/libSystem.B.dylib
0x0000000007349000 	/usr/lib/libobjc.A.dylib
0x0000000007349000 	/System/Library/Frameworks/CoreFoundation.framework/Versions/A/CoreFoundation
0x0000000007349000 	/System/Library/Frameworks/Foundation.framework/Versions/C/Foundation
0x0000000007349000 	/System/Library/Frameworks/AppKit.framework/Versions/C/AppKit
0x0000000007349000 	/System/Library/Frameworks/CoreData.framework/Versions/A/CoreData
0x0000000007349000 	/System/Library/PrivateFrameworks/RemoteViewServices.framework/Versions/A/RemoteViewServices
0x0000000007349000 	/System/Library/PrivateFrameworks/UIFoundation.framework/Versions/A/UIFoundation
0x0000000007349000 	/usr/lib/libScreenReader.dylib
0x0000000007349000 	/System/Library/Frameworks/Accelerate.framework/Versions/A/Accelerate
0x0000000007349000 	/System/Library/Frameworks/IOSurface.framework/Versions/A/IOSurface
0x0000000007349000 	/System/Library/Frameworks/AudioToolbox.framework/Versions/A/AudioToolbox
0x0000000007349000 	/System/Library/Frameworks/AudioUnit.framework/Versions/A/AudioUnit
0x0000000007349000 	/System/Library/PrivateFrameworks/DataDetectorsCore.framework/Versions/A/DataDetectorsCore
0x0000000007349000 	/System/Library/PrivateFrameworks/DesktopServicesPriv.framework/Versions/A/DesktopServicesPriv
0x0000000007349000 	/System/Library/Frameworks/Carbon.framework/Versions/A/Frameworks/HIToolbox.framework/Versions/A/HIToolbox
0x0000000007349000 	/System/Library/Frameworks/QuartzCore.framework/Versions/A/QuartzCore
0x0000000007349000 	/System/Library/Frameworks/Carbon.framework/Versions/A/Frameworks/SpeechRecognition.framework/Versions/A/SpeechRecognition
0x0000000007349000 	/usr/lib/libauto.dylib
0x0000000007349000 	/usr/lib/libicucore.A.dylib
0x0000000007349000 	/usr/lib/libxml2.2.dylib
0x0000000007349000 	/System/Library/PrivateFrameworks/CoreUI.framework/Versions/A/CoreUI
0x0000000007349000 	/System/Library/Frameworks/CoreAudio.framework/Versions/A/CoreAudio
0x0000000007349000 	/System/Library/Frameworks/DiskArbitration.framework/Versions/A/DiskArbitration
0x0000000007349000 	/usr/lib/liblangid.dylib
0x0000000007349000 	/System/Library/PrivateFrameworks/MultitouchSupport.framework/Versions/A/MultitouchSupport
0x0000000007349000 	/System/Library/Frameworks/IOKit.framework/Versions/A/IOKit
0x0000000007349000 	/usr/lib/libDiagnosticMessagesClient.dylib
0x0000000007349000 	/System/Library/Frameworks/CoreServices.framework/Versions/A/CoreServices
0x0000000007349000 	/System/Library/PrivateFrameworks/PerformanceAnalysis.framework/Versions/A/PerformanceAnalysis
0x0000000007349000 	/System/Library/PrivateFrameworks/GenerationalStorage.framework/Versions/A/GenerationalStorage
0x0000000007349000 	/System/Library/Frameworks/OpenGL.framework/Versions/A/OpenGL
0x0000000007349000 	/System/Library/PrivateFrameworks/Sharing.framework/Versions/A/Sharing
0x0000000007349000 	/System/Library/Frameworks/CoreGraphics.framework/Versions/A/CoreGraphics
0x0000000007349000 	/System/Library/Frameworks/CoreImage.framework/Versions/A/CoreImage
0x0000000007349000 	/System/Library/Frameworks/CoreText.framework/Versions/A/CoreText
0x0000000007349000 	/System/Library/Frameworks/ImageIO.framework/Versions/A/ImageIO
0x0000000007349000 	/System/Library/PrivateFrameworks/Backup.framework/Versions/A/Backup
0x0000000007349000 	/usr/lib/libextension.dylib
0x0000000007349000 	/usr/lib/libarchive.2.dylib
0x0000000007349000 	/System/Library/Frameworks/CFNetwork.framework/Versions/A/CFNetwork
0x0000000007349000 	/System/Library/Frameworks/SystemConfiguration.framework/Versions/A/SystemConfiguration
0x0000000007349000 	/usr/lib/libCRFSuite.dylib
0x0000000007349000 	/usr/lib/libc++.1.dylib
0x0000000007349000 	/usr/lib/libc++abi.dylib
0x0000000007349000 	/usr/lib/system/libcache.dylib
0x0000000007349000 	/usr/lib/system/libcommonCrypto.dylib
0x0000000007349000 	/usr/lib/system/libcompiler_rt.dylib
0x0000000007349000 	/usr/lib/system/libcopyfile.dylib
0x0000000007349000 	/usr/lib/system/libcorecrypto.dylib
0x0000000007349000 	/usr/lib/system/libdispatch.dylib
0x0000000007349000 	/usr/lib/system/libdyld.dylib
0x0000000007349000 	/usr/lib/system/libkeymgr.dylib
0x0000000007349000 	/usr/lib/system/liblaunch.dylib
0x0000000007349000 	/usr/lib/system/libmacho.dylib
0x0000000007349000 	/usr/lib/system/libquarantine.dylib
0x0000000007349000 	/usr/lib/system/libremovefile.dylib
0x0000000007349000 	/usr/lib/system/libsystem_asl.dylib
0x0000000007349000 	/usr/lib/system/libsystem_blocks.dylib
0x0000000007349000 	/usr/lib/system/libsystem_c.dylib
0x0000000007349000 	/usr/lib/system/libsystem_configuration.dylib
0x0000000007349000 	/usr/lib/system/libsystem_coreservices.dylib
0x0000000007349000 	/usr/lib/system/libsystem_coretls.dylib
0x0000000007349000 	/usr/lib/system/libsystem_dnssd.dylib
0x0000000007349000 	/usr/lib/system/libsystem_info.dylib
0x0000000007349000 	/usr/lib/system/libsystem_kernel.dylib
0x0000000007349000 	/usr/lib/system/libsystem_m.dylib
0x0000000007349000 	/usr/lib/system/libsystem_malloc.dylib
0x0000000007349000 	/usr/lib/system/libsystem_network.dylib
0x0000000007349000 	/usr/lib/system/libsystem_networkextension.dylib
0x0000000007349000 	/usr/lib/system/libsystem_notify.dylib
0x0000000007349000 	/usr/lib/system/libsystem_platform.dylib
0x0000000007349000 	/usr/lib/system/libsystem_pthread.dylib
0x0000000007349000 	/usr/lib/system/libsystem_sandbox.dylib
0x0000000007349000 	/usr/lib/system/libsystem_secinit.dylib
0x0000000007349000 	/usr/lib/system/libsystem_trace.dylib
0x0000000007349000 	/usr/lib/system/libunc.dylib
0x0000000007349000 	/usr/lib/system/libunwind.dylib
0x0000000007349000 	/usr/lib/system/libxpc.dylib
0x0000000007349000 	/usr/lib/libenergytrace.dylib
0x0000000007349000 	/usr/lib/libbsm.0.dylib
0x0000000007349000 	/usr/lib/system/libkxld.dylib
0x0000000007349000 	/usr/lib/libxar.1.dylib
0x0000000007349000 	/usr/lib/libsqlite3.dylib
0x0000000007349000 	/usr/lib/libpam.2.dylib
0x0000000007349000 	/usr/lib/libOpenScriptingUtil.dylib
0x0000000007349000 	/usr/lib/libbz2.1.0.dylib
0x0000000007349000 	/usr/lib/liblzma.5.dylib
0x0000000007349000 	/System/Library/Frameworks/CoreServices.framework/Versions/A/Frameworks/FSEvents.framework/Versions/A/FSEvents
0x0000000007349000 	/System/Library/Frameworks/CoreServices.framework/Versions/A/Frameworks/CarbonCore.framework/Versions/A/CarbonCore
0x0000000007349000 	/System/Library/Frameworks/CoreServices.framework/Versions/A/Frameworks/Metadata.framework/Versions/A/Metadata
0x0000000007349000 	/System/Library/Frameworks/CoreServices.framework/Versions/A/Frameworks/OSServices.framework/Versions/A/OSServices
0x0000000007349000 	/System/Library/Frameworks/CoreServices.framework/Versions/A/Frameworks/SearchKit.framework/Versions/A/SearchKit
0x0000000007349000 	/System/Library/Frameworks/CoreServices.framework/Versions/A/Frameworks/AE.framework/Versions/A/AE
0x0000000007349000 	/System/Library/Frameworks/CoreServices.framework/Versions/A/Frameworks/LaunchServices.framework/Versions/A/LaunchServices
0x0000000007349000 	/System/Library/Frameworks/CoreServices.framework/Versions/A/Frameworks/DictionaryServices.framework/Versions/A/DictionaryServices
0x0000000007349000 	/System/Library/Frameworks/CoreServices.framework/Versions/A/Frameworks/SharedFileList.framework/Versions/A/SharedFileList
0x0000000007349000 	/System/Library/Frameworks/NetFS.framework/Versions/A/NetFS
0x0000000007349000 	/System/Library/PrivateFrameworks/NetAuth.framework/Versions/A/NetAuth
0x0000000007349000 	/System/Library/PrivateFrameworks/login.framework/Versions/A/Frameworks/loginsupport.framework/Versions/A/loginsupport
0x0000000007349000 	/System/Library/PrivateFrameworks/TCC.framework/Versions/A/TCC
0x0000000007349000 	/usr/lib/libmecabra.dylib
0x0000000007349000 	/System/Library/Frameworks/ApplicationServices.framework/Versions/A/Frameworks/ATS.framework/Versions/A/ATS
0x0000000007349000 	/System/Library/Frameworks/ApplicationServices.framework/Versions/A/Frameworks/ColorSync.framework/Versions/A/ColorSync
0x0000000007349000 	/System/Library/Frameworks/ApplicationServices.framework/Versions/A/Frameworks/HIServices.framework/Versions/A/HIServices
0x0000000007349000 	/System/Library/Frameworks/ApplicationServices.framework/Versions/A/Frameworks/LangAnalysis.framework/Versions/A/LangAnalysis
0x0000000007349000 	/System/Library/Frameworks/ApplicationServices.framework/Versions/A/Frameworks/PrintCore.framework/Versions/A/PrintCore
0x0000000007349000 	/System/Library/Frameworks/ApplicationServices.framework/Versions/A/Frameworks/QD.framework/Versions/A/QD
0x0000000007349000 	/System/Library/Frameworks/ApplicationServices.framework/Versions/A/Frameworks/SpeechSynthesis.framework/Versions/A/SpeechSynthesis
0x0000000007349000 	/System/Library/Frameworks/Metal.framework/Versions/A/Metal
0x0000000007349000 	/System/Library/Frameworks/Accelerate.framework/Versions/A/Frameworks/vImage.framework/Versions/A/vImage
0x0000000007349000 	/System/Library/Frameworks/Accelerate.framework/Versions/A/Frameworks/vecLib.framework/Versions/A/vecLib
0x0000000007349000 	/System/Library/Frameworks/Accelerate.framework/Versions/A/Frameworks/vecLib.framework/Versions/A/libvDSP.dylib
0x0000000007349000 	/System/Library/Frameworks/Accelerate.framework/Versions/A/Frameworks/vecLib.framework/Versions/A/libvMisc.dylib
0x0000000007349000 	/System/Library/Frameworks/Accelerate.framework/Versions/A/Frameworks/vecLib.framework/Versions/A/libLAPACK.dylib
0x0000000007349000 	/System/Library/Frameworks/Accelerate.framework/Versions/A/Frameworks/vecLib.framework/Versions/A/libBLAS.dylib
0x0000000007349000 	/System/Library/Frameworks/Accelerate.framework/Versions/A/Frameworks/vecLib.framework/Versions/A/libLinearAlgebra.dylib
0x0000000007349000 	/System/Library/Frameworks/Accelerate.framework/Versions/A/Frameworks/vecLib.framework/Versions/A/libSparseBLAS.dylib
0x0000000007349000 	/System/Library/PrivateFrameworks/GPUCompiler.framework/libmetal_timestamp.dylib
0x0000000007349000 	/System/Library/Frameworks/OpenGL.framework/Versions/A/Libraries/libCoreFSCache.dylib
0x0000000007349000 	/System/Library/PrivateFrameworks/IOAccelerator.framework/Versions/A/IOAccelerator
0x0000000007349000 	/System/Library/Frameworks/ApplicationServices.framework/Versions/A/Frameworks/ATS.framework/Versions/A/Resources/libFontParser.dylib
0x0000000007349000 	/System/Library/Frameworks/ApplicationServices.framework/Versions/A/Frameworks/ATS.framework/Versions/A/Resources/libFontRegistry.dylib
0x0000000007349000 	/System/Library/PrivateFrameworks/AppleVPA.framework/Versions/A/AppleVPA
0x0000000007349000 	/System/Library/PrivateFrameworks/AppleJPEG.framework/Versions/A/AppleJPEG
0x0000000007349000 	/System/Library/Frameworks/ImageIO.framework/Versions/A/Resources/libJPEG.dylib
0x0000000007349000 	/System/Library/Frameworks/ImageIO.framework/Versions/A/Resources/libTIFF.dylib
0x0000000007349000 	/System/Library/Frameworks/ImageIO.framework/Versions/A/Resources/libPng.dylib
0x0000000007349000 	/System/Library/Frameworks/ImageIO.framework/Versions/A/Resources/libGIF.dylib
0x0000000007349000 	/System/Library/Frameworks/ImageIO.framework/Versions/A/Resources/libJP2.dylib
0x0000000007349000 	/System/Library/Frameworks/ImageIO.framework/Versions/A/Resources/libRadiance.dylib
0x0000000007349000 	/System/Library/Frameworks/CoreVideo.framework/Versions/A/CoreVideo
0x0000000007349000 	/System/Library/Frameworks/OpenGL.framework/Versions/A/Libraries/libGLU.dylib
0x0000000007349000 	/System/Library/Frameworks/OpenGL.framework/Versions/A/Libraries/libGFXShared.dylib
0x0000000007349000 	/System/Library/Frameworks/OpenGL.framework/Versions/A/Libraries/libGL.dylib
0x0000000007349000 	/System/Library/Frameworks/OpenGL.framework/Versions/A/Libraries/libGLImage.dylib
0x0000000007349000 	/System/Library/Frameworks/OpenGL.framework/Versions/A/Libraries/libCVMSPluginSupport.dylib
0x0000000007349000 	/System/Library/Frameworks/OpenGL.framework/Versions/A/Libraries/libCoreVMClient.dylib
0x0000000007349000 	/usr/lib/libcups.2.dylib
0x0000000007349000 	/System/Library/Frameworks/Kerberos.framework/Versions/A/Kerberos
0x0000000007349000 	/System/Library/Frameworks/GSS.framework/Versions/A/GSS
0x0000000007349000 	/usr/lib/libresolv.9.dylib
0x0000000007349000 	/usr/lib/libiconv.2.dylib
0x0000000007349000 	/System/Library/PrivateFrameworks/Heimdal.framework/Versions/A/Heimdal
0x0000000007349000 	/usr/lib/libheimdal-asn1.dylib
0x0000000007349000 	/System/Library/Frameworks/OpenDirectory.framework/Versions/A/OpenDirectory
0x0000000007349000 	/System/Library/PrivateFrameworks/CommonAuth.framework/Versions/A/CommonAuth
0x0000000007349000 	/System/Library/Frameworks/OpenDirectory.framework/Versions/A/Frameworks/CFOpenDirectory.framework/Versions/A/CFOpenDirectory
0x0000000007349000 	/System/Library/Frameworks/SecurityFoundation.framework/Versions/A/SecurityFoundation
0x0000000007349000 	/System/Library/PrivateFrameworks/LanguageModeling.framework/Versions/A/LanguageModeling
0x0000000007349000 	/usr/lib/libmarisa.dylib
0x0000000007349000 	/usr/lib/libChineseTokenizer.dylib
0x0000000007349000 	/usr/lib/libcmph.dylib
0x0000000007349000 	/usr/lib/libcompression.dylib
0x0000000007349000 	/System/Library/Frameworks/ServiceManagement.framework/Versions/A/ServiceManagement
0x0000000007349000 	/usr/lib/libxslt.1.dylib
0x0000000007349000 	/System/Library/Frameworks/Carbon.framework/Versions/A/Frameworks/Ink.framework/Versions/A/Ink
0x0000000007349000 	/usr/lib/libFosl_dynamic.dylib
0x0000000007349000 	/System/Library/PrivateFrameworks/FaceCore.framework/Versions/A/FaceCore
0x0000000007349000 	/System/Library/Frameworks/OpenCL.framework/Versions/A/OpenCL
0x0000000007349000 	/System/Library/PrivateFrameworks/CrashReporterSupport.framework/Versions/A/CrashReporterSupport
0x0000000007349000 	/System/Library/PrivateFrameworks/IconServices.framework/Versions/A/IconServices
0x0000000007349000 	/System/Library/PrivateFrameworks/Apple80211.framework/Versions/A/Apple80211
0x0000000007349000 	/System/Library/Frameworks/CoreWLAN.framework/Versions/A/CoreWLAN
0x0000000007349000 	/System/Library/Frameworks/IOBluetooth.framework/Versions/A/IOBluetooth
0x0000000007349000 	/System/Library/PrivateFrameworks/CoreWiFi.framework/Versions/A/CoreWiFi
0x0000000007349000 	/System/Library/Frameworks/CoreBluetooth.framework/Versions/A/CoreBluetooth
0x0000000007349000 	/System/Library/PrivateFrameworks/ChunkingLibrary.framework/Versions/A/ChunkingLibrary
0x0000000007349000 	/System/Library/PrivateFrameworks/DebugSymbols.framework/Versions/A/DebugSymbols
0x0000000007349000 	/System/Library/PrivateFrameworks/CoreSymbolication.framework/Versions/A/CoreSymbolication
0x0000000007349000 	/System/Library/PrivateFrameworks/Symbolication.framework/Versions/A/Symbolication
0x0000000007349000 	/System/Library/PrivateFrameworks/SpeechRecognitionCore.framework/Versions/A/SpeechRecognitionCore
0x0000000111000000 	/Library/Java/JavaVirtualMachines/jdk1.8.0_60.jdk/Contents/Home/jre/lib/server/libjvm.dylib
0x0000000007349000 	/usr/lib/libstdc++.6.dylib
0x000000010febf000 	/Library/Java/JavaVirtualMachines/jdk1.8.0_60.jdk/Contents/Home/jre/lib/libverify.dylib
0x000000010fecd000 	/Library/Java/JavaVirtualMachines/jdk1.8.0_60.jdk/Contents/Home/jre/lib/libjava.dylib
0x000000010ff0c000 	/Library/Java/JavaVirtualMachines/jdk1.8.0_60.jdk/Contents/Home/jre/lib/libzip.dylib
0x000000012971a000 	/System/Library/Frameworks/JavaVM.framework/Frameworks/JavaRuntimeSupport.framework/JavaRuntimeSupport
0x0000000129735000 	/System/Library/Frameworks/JavaVM.framework/Versions/A/Frameworks/JavaNativeFoundation.framework/Versions/A/JavaNativeFoundation
0x000000010fff3000 	/System/Library/Frameworks/JavaVM.framework/Versions/A/JavaVM
0x0000000007349000 	/System/Library/Frameworks/Carbon.framework/Versions/A/Carbon
0x000000012974a000 	/System/Library/PrivateFrameworks/JavaLaunching.framework/Versions/A/JavaLaunching
0x0000000007349000 	/System/Library/Frameworks/Carbon.framework/Versions/A/Frameworks/CommonPanels.framework/Versions/A/CommonPanels
0x0000000007349000 	/System/Library/Frameworks/Carbon.framework/Versions/A/Frameworks/Help.framework/Versions/A/Help
0x0000000007349000 	/System/Library/Frameworks/Carbon.framework/Versions/A/Frameworks/ImageCapture.framework/Versions/A/ImageCapture
0x0000000007349000 	/System/Library/Frameworks/Carbon.framework/Versions/A/Frameworks/OpenScripting.framework/Versions/A/OpenScripting
0x0000000007349000 	/System/Library/Frameworks/Carbon.framework/Versions/A/Frameworks/Print.framework/Versions/A/Print
0x0000000007349000 	/System/Library/Frameworks/Carbon.framework/Versions/A/Frameworks/SecurityHI.framework/Versions/A/SecurityHI
0x000000012b106000 	/Library/Java/JavaVirtualMachines/jdk1.8.0_60.jdk/Contents/Home/jre/lib/libprism_es2.dylib
0x0000000007349000 	/System/Library/Frameworks/OpenGL.framework/Versions/A/Resources/GLEngine.bundle/GLEngine
0x0000000007349000 	/System/Library/Frameworks/OpenGL.framework/Versions/A/Libraries/libGLProgrammability.dylib
0x000000012b188000 	/System/Library/Extensions/AppleIntelHD4000GraphicsGLDriver.bundle/Contents/MacOS/AppleIntelHD4000GraphicsGLDriver
0x0000000007349000 	/System/Library/PrivateFrameworks/GPUSupport.framework/Versions/A/Libraries/libGPUSupportMercury.dylib
0x0000000007349000 	/System/Library/Extensions/GeForceGLDriver.bundle/Contents/MacOS/GeForceGLDriver
0x0000000007349000 	/System/Library/Extensions/GeForceGLDriver.bundle/Contents/MacOS/libclh.dylib
0x0000000007349000 	/System/Library/Frameworks/OpenGL.framework/Versions/A/Resources/GLRendererFloat.bundle/GLRendererFloat
0x0000000007349000 	/System/Library/Frameworks/OpenCL.framework/Versions/A/Libraries/libcldcpuengine.dylib
0x0000000007349000 	/System/Library/PrivateFrameworks/DiskImages.framework/Versions/A/DiskImages
0x0000000007349000 	/System/Library/Frameworks/DiscRecording.framework/Versions/A/DiscRecording
0x0000000007349000 	/usr/lib/libcsfde.dylib
0x0000000007349000 	/usr/lib/libcurl.4.dylib
0x0000000007349000 	/System/Library/PrivateFrameworks/MediaKit.framework/Versions/A/MediaKit
0x0000000007349000 	/System/Library/PrivateFrameworks/ProtectedCloudStorage.framework/Versions/A/ProtectedCloudStorage
0x0000000007349000 	/usr/lib/libCoreStorage.dylib
0x0000000007349000 	/System/Library/PrivateFrameworks/EFILogin.framework/Versions/A/EFILogin
0x0000000007349000 	/usr/lib/libutil.dylib
0x0000000007349000 	/System/Library/PrivateFrameworks/FindMyDevice.framework/Versions/A/FindMyDevice
0x0000000007349000 	/System/Library/Frameworks/LDAP.framework/Versions/A/LDAP
0x0000000007349000 	/usr/lib/libsasl2.2.dylib
0x0000000007349000 	/System/Library/PrivateFrameworks/CoreDaemon.framework/Versions/B/CoreDaemon
0x0000000007349000 	/usr/lib/libcrypto.0.9.8.dylib
0x0000000007349000 	/System/Library/PrivateFrameworks/AppleSRP.framework/Versions/A/AppleSRP
0x0000000007349000 	/System/Library/PrivateFrameworks/TrustEvaluationAgent.framework/Versions/A/TrustEvaluationAgent
0x000000012bac1000 	/Library/Java/JavaVirtualMachines/jdk1.8.0_60.jdk/Contents/Home/jre/lib/libglass.dylib
0x0000000007349000 	/System/Library/PrivateFrameworks/CoreServicesInternal.framework/Versions/A/CoreServicesInternal
0x0000000007349000 	/System/Library/CoreServices/RawCamera.bundle/Contents/MacOS/RawCamera
0x0000000007349000 	/System/Library/Frameworks/CoreGraphics.framework/Versions/A/Resources/libRIP.A.dylib
0x0000000007349000 	/System/Library/Frameworks/Accelerate.framework/Versions/A/Frameworks/vImage.framework/Versions/A/Libraries/libCGInterfaces.dylib
0x0000000007349000 	/System/Library/PrivateFrameworks/FamilyControls.framework/Versions/A/FamilyControls
0x0000000007349000 	/System/Library/PrivateFrameworks/CommerceKit.framework/Versions/A/Frameworks/CommerceCore.framework/Versions/A/CommerceCore
0x0000000007349000 	/System/Library/PrivateFrameworks/SystemAdministration.framework/Versions/A/SystemAdministration
0x0000000007349000 	/System/Library/PrivateFrameworks/AppContainer.framework/Versions/A/AppContainer
0x0000000007349000 	/System/Library/PrivateFrameworks/SecCodeWrapper.framework/Versions/A/SecCodeWrapper
0x0000000007349000 	/System/Library/Frameworks/DirectoryService.framework/Versions/A/DirectoryService
0x0000000007349000 	/System/Library/PrivateFrameworks/LoginUIKit.framework/Versions/A/Frameworks/LoginUICore.framework/Versions/A/LoginUICore
0x0000000007349000 	/usr/lib/libodfde.dylib
0x000000012fdbd000 	/Library/Java/JavaVirtualMachines/jdk1.8.0_60.jdk/Contents/Home/jre/lib/libjavafx_font.dylib
0x0000000007349000 	/System/Library/Frameworks/CoreGraphics.framework/Versions/A/Resources/libCGXType.A.dylib
0x0000000130417000 	/private/var/folders/43/rc42kzgx18zbgdbp0t82__wc0000gn/T/jna-851019464/jna4879016631786306489.tmp
0x000000013042c000 	/var/folders/43/rc42kzgx18zbgdbp0t82__wc0000gn/T/jna-851019464/jna87016535636915173.tmp
0x0000000130432000 	/System/Library/Extensions/IOHIDFamily.kext/Contents/PlugIns/IOHIDLib.plugin/Contents/MacOS/IOHIDLib
0x0000000130bc5000 	/Library/Java/JavaVirtualMachines/jdk1.8.0_60.jdk/Contents/Home/jre/lib/libosx.dylib
0x0000000130bd3000 	/Library/Java/JavaVirtualMachines/jdk1.8.0_60.jdk/Contents/Home/jre/lib/./libosxapp.dylib
0x0000000007349000 	/System/Library/Frameworks/ExceptionHandling.framework/Versions/A/ExceptionHandling
0x0000000130db9000 	/Library/Java/JavaVirtualMachines/jdk1.8.0_60.jdk/Contents/Home/jre/lib/libawt.dylib
0x0000000130f27000 	/Library/Java/JavaVirtualMachines/jdk1.8.0_60.jdk/Contents/Home/jre/lib/./libmlib_image.dylib
0x000000013147a000 	/Library/Java/JavaVirtualMachines/jdk1.8.0_60.jdk/Contents/Home/jre/lib/libawt_lwawt.dylib

VM Arguments:
jvm_args: -Dfile.encoding=UTF-8 
java_command: /Users/edisondelgado/Documents/senso/dist/run127551962/Senso.jar
java_class_path (initial): /Users/edisondelgado/Documents/senso/dist/run127551962/Senso.jar
Launcher Type: SUN_STANDARD

Environment Variables:
PATH=/usr/bin:/bin:/usr/sbin:/sbin
LD_LIBRARY_PATH=/Library/Java/JavaVirtualMachines/jdk1.8.0_60.jdk/Contents/Home/jre/lib/amd64:/Library/Java/JavaVirtualMachines/jdk1.8.0_60.jdk/Contents/Home/jre/lib/i386:
SHELL=/bin/bash

Signal Handlers:
SIGSEGV: [libjvm.dylib+0x5a6d31], sa_mask[0]=11111111011111110111111111111111, sa_flags=SA_ONSTACK|SA_RESTART|SA_SIGINFO
SIGBUS: [libjvm.dylib+0x5a6d31], sa_mask[0]=11111111011111110111111111111111, sa_flags=SA_RESTART|SA_SIGINFO
SIGFPE: [libjvm.dylib+0x480a4c], sa_mask[0]=11111111011111110111111111111111, sa_flags=SA_RESTART|SA_SIGINFO
SIGPIPE: [libjvm.dylib+0x480a4c], sa_mask[0]=11111111011111110111111111111111, sa_flags=SA_RESTART|SA_SIGINFO
SIGXFSZ: [libjvm.dylib+0x480a4c], sa_mask[0]=11111111011111110111111111111111, sa_flags=SA_RESTART|SA_SIGINFO
SIGILL: [libjvm.dylib+0x480a4c], sa_mask[0]=11111111011111110111111111111111, sa_flags=SA_RESTART|SA_SIGINFO
SIGUSR1: SIG_DFL, sa_mask[0]=00000000000000000000000000000000, sa_flags=none
SIGUSR2: [libjvm.dylib+0x48056a], sa_mask[0]=00100000000000000000000000000000, sa_flags=SA_RESTART|SA_SIGINFO
SIGHUP: [libjvm.dylib+0x47eb41], sa_mask[0]=11111111011111110111111111111111, sa_flags=SA_RESTART|SA_SIGINFO
SIGINT: SIG_IGN, sa_mask[0]=00000000000000000000000000000000, sa_flags=none
SIGTERM: [libjvm.dylib+0x47eb41], sa_mask[0]=11111111011111110111111111111111, sa_flags=SA_RESTART|SA_SIGINFO
SIGQUIT: [libjvm.dylib+0x47eb41], sa_mask[0]=11111111011111110111111111111111, sa_flags=SA_RESTART|SA_SIGINFO


---------------  S Y S T E M  ---------------

OS:Bsduname:Darwin 15.0.0 Darwin Kernel Version 15.0.0: Sat Sep 19 15:53:46 PDT 2015; root:xnu-3247.10.11~1/RELEASE_X86_64 x86_64
rlimit: STACK 8192k, CORE 0k, NPROC 709, NOFILE 10240, AS infinity
load average:1.80 1.78 1.80

CPU:total 8 (4 cores per cpu, 2 threads per core) family 6 model 58 stepping 9, cmov, cx8, fxsr, mmx, sse, sse2, sse3, ssse3, sse4.1, sse4.2, popcnt, avx, aes, clmul, erms, ht, tsc, tscinvbit, tscinv

Memory: 4k page, physical 10485760k(662092k free)

/proc/meminfo:


vm_info: Java HotSpot(TM) 64-Bit Server VM (25.60-b23) for bsd-amd64 JRE (1.8.0_60-b27), built on Aug  4 2015 10:47:24 by "java_re" with gcc 4.2.1 (Based on Apple Inc. build 5658) (LLVM build 2336.11.00)

time: Fri Jan 29 16:22:45 2016
elapsed time: 22 seconds (0d 0h 0m 22s)

