#
# A fatal error has been detected by the Java Runtime Environment:
#
#  SIGSEGV (0xb) at pc=0x0000000122d2f58d, pid=2806, tid=1811
#
# JRE version: Java(TM) SE Runtime Environment (8.0_45-b14) (build 1.8.0_45-b14)
# Java VM: Java HotSpot(TM) 64-Bit Server VM (25.45-b02 mixed mode bsd-amd64 compressed oops)
# Problematic frame:
# C  [libglass.dylib+0x1558d]  GlassScreenDidChangeScreenParameters+0x9d
#
# Failed to write core dump. Core dumps have been disabled. To enable core dumping, try "ulimit -c unlimited" before starting Java again
#
# If you would like to submit a bug report, please visit:
#   http://bugreport.java.com/bugreport/crash.jsp
#

---------------  T H R E A D  ---------------

Current thread is native thread

siginfo: si_signo: 11 (SIGSEGV), si_code: 1 (SEGV_MAPERR), si_addr: 0x0000000000000000

Registers:
RAX=0x0000000122d61bc0, RBX=0x0000000000000000, RCX=0x270083e5ebbc5c75, RDX=0x00007fe6e1452da8
RSP=0x00007fff59d7bdd0, RBP=0x00007fff59d7bde0, RSI=0x00007fe6e1702080, RDI=0x0000000000000000
R8 =0x00007fff59d7bc80, R9 =0x00007fff7753d300, R10=0x0000000000000000, R11=0x0000000000000246
R12=0x00007fe6e1417d00, R13=0x00000000000f426a, R14=0x00007fe6e1452cb0, R15=0x00007fff59d7bf20
RIP=0x0000000122d2f58d, EFLAGS=0x0000000000010202, ERR=0x0000000000000004
  TRAPNO=0x000000000000000e

Top of Stack: (sp=0x00007fff59d7bdd0)
0x00007fff59d7bdd0:   00007fff59d7bfb0 00007fe6e1452cb0
0x00007fff59d7bde0:   00007fff59d7bdf0 00007fff8e20245c
0x00007fff59d7bdf0:   00007fff59d7c150 00007fff8e0f2634
0x00007fff59d7be00:   00007fff59d7be50 0000000000000a00
0x00007fff59d7be10:   00007fff784abed0 00007fe6e804aeb0
0x00007fff59d7be20:   0000000000001001 0000000000000900
0x00007fff59d7be30:   00007fe6e804aeb0 00007fe6e1452cb0
0x00007fff59d7be40:   0000000000000000 00007fff59d7bf20
0x00007fff59d7be50:   0000000000000000 00007fe6e1430a20
0x00007fff59d7be60:   00007fff59d7bfa0 0000000000000060
0x00007fff59d7be70:   00000000000f4307 00007fe6e1509780
0x00007fff59d7be80:   00007fe6e302f510 00007fe6e1417d00
0x00007fff59d7be90:   0000000000000001 00000000000f426a
0x00007fff59d7bea0:   00007fe6e1417cf0 00007fff8dbd2acb
0x00007fff59d7beb0:   0000000000000001 0000000000000001
0x00007fff59d7bec0:   0000000000000030 0000000000000001
0x00007fff59d7bed0:   00007fff59d7bef0 00007fff8dbd8231
0x00007fff59d7bee0:   00007fff784a9fb0 0000000000000000
0x00007fff59d7bef0:   00007fff59d7bf10 0000000000000006
0x00007fff59d7bf00:   00030a03e3c16800 00007fe6e1417d24
0x00007fff59d7bf10:   0000000000000000 00007fff8e0e810f
0x00007fff59d7bf20:   00007fe6e1452cb0 00007fff784a9fb0
0x00007fff59d7bf30:   00007fff59d7bfb0 00007fff8e0f0c3f
0x00007fff59d7bf40:   00007fff59d7bfb4 000000000046b801
0x00007fff59d7bf50:   0000000105e9fa00 0000000000000002
0x00007fff59d7bf60:   0000000105e9c000 00007fe6e1507672
0x00007fff59d7bf70:   0000000000000003 0000000105ea0400
0x00007fff59d7bf80:   00007fff59d7c070 00007fff8dbd12a2
0x00007fff59d7bf90:   00007fe6e165b2a0 00007fff59d7c158
0x00007fff59d7bfa0:   0000000000000017 0000000000000000
0x00007fff59d7bfb0:   00000000000f426a 00007fff8e0e8403
0x00007fff59d7bfc0:   00007fff00000000 00007fe6e30339e0 

Instructions: (pc=0x0000000122d2f58d)
0x0000000122d2f56d:   89 df 4c 89 f1 41 ff 90 68 04 00 00 48 8d 05 48
0x0000000122d2f57d:   25 03 00 48 8b 30 48 8d 05 36 26 03 00 48 8b 10
0x0000000122d2f58d:   48 8b 0b 30 c0 48 89 df ff 91 68 04 00 00 48 8b
0x0000000122d2f59d:   03 48 89 df ff 50 78 48 85 c0 74 36 49 89 c6 48 

Register to memory mapping:

RAX=0x0000000122d61bc0: jScreenNotifySettingsChanged+0 in /Library/Java/JavaVirtualMachines/jdk1.8.0_45.jdk/Contents/Home/jre/lib/libglass.dylib at 0x0000000122d1a000
RBX=0x0000000000000000 is an unknown value
RCX=0x270083e5ebbc5c75 is an unknown value
RDX=0x00007fe6e1452da8 is an unknown value
RSP=0x00007fff59d7bdd0 is an unknown value
RBP=0x00007fff59d7bde0 is an unknown value
RSI=0x00007fe6e1702080 is a global jni handle
RDI=0x0000000000000000 is an unknown value
R8 =0x00007fff59d7bc80 is an unknown value
R9 =0x00007fff7753d300: _thread+0 in /usr/lib/system/libsystem_pthread.dylib at 0x00007fff8862a000
R10=0x0000000000000000 is an unknown value
R11=0x0000000000000246 is an unknown value
R12=0x00007fe6e1417d00 is an unknown value
R13=0x00000000000f426a is an unknown value
R14=0x00007fe6e1452cb0 is an unknown value
R15=0x00007fff59d7bf20 is an unknown value


Stack: [0x00007fff5957f000,0x00007fff59d7f000],  sp=0x00007fff59d7bdd0,  free space=8179k
Native frames: (J=compiled Java code, j=interpreted, Vv=VM code, C=native code)
C  [libglass.dylib+0x1558d]  GlassScreenDidChangeScreenParameters+0x9d
C  [CoreFoundation+0x12045c]  __CFNOTIFICATIONCENTER_IS_CALLING_OUT_TO_AN_OBSERVER__+0xc
C  [CoreFoundation+0x10634]  _CFXNotificationPost+0xc44
C  [Foundation+0x79d1]  -[NSNotificationCenter postNotificationName:object:userInfo:]+0x42
C  [AppKit+0x40df7e]  -[NSApplication _reactToScreenInvalidationImmediately:]+0x17b
C  [AppKit+0x40ddc7]  __44-[NSApplication _reactToScreenInvalidation:]_block_invoke+0x4b
C  [CoreFoundation+0x808ec]  __CFRUNLOOP_IS_CALLING_OUT_TO_A_BLOCK__+0xc
C  [CoreFoundation+0x729f5]  __CFRunLoopDoBlocks+0x155
C  [CoreFoundation+0x72536]  __CFRunLoopRun+0x716
C  [CoreFoundation+0x71bd8]  CFRunLoopRunSpecific+0x128
C  [java+0x6490]  CreateExecutionEnvironment+0x367
C  [java+0x221c]  JLI_Launch+0x7a0
C  [java+0x84ed]  main+0x65
C  [java+0x1a74]  start+0x34


---------------  P R O C E S S  ---------------

VM state:not at safepoint (normal execution)

VM Mutex/Monitor currently owned by a thread: None

Heap:
 PSYoungGen      total 47616K, used 38778K [0x000000078ab00000, 0x0000000790800000, 0x00000007c0000000)
  eden space 40960K, 94% used [0x000000078ab00000,0x000000078d0deba8,0x000000078d300000)
  from space 6656K, 0% used [0x000000078d980000,0x000000078d980000,0x000000078e000000)
  to   space 6656K, 0% used [0x000000078d300000,0x000000078d300000,0x000000078d980000)
 ParOldGen       total 84992K, used 10665K [0x0000000720000000, 0x0000000725300000, 0x000000078ab00000)
  object space 84992K, 12% used [0x0000000720000000,0x0000000720a6a458,0x0000000725300000)
 Metaspace       used 24037K, capacity 24800K, committed 24960K, reserved 1071104K
  class space    used 3508K, capacity 3703K, committed 3712K, reserved 1048576K

Card table byte_map: [0x0000000117461000,0x0000000117962000] byte_map_base: 0x0000000113b61000

Marking Bits: (ParMarkBitMap*) 0x00000001078c27a0
 Begin Bits: [0x00000001184d0000, 0x000000011acd0000)
 End Bits:   [0x000000011acd0000, 0x000000011d4d0000)

Polling page: 0x0000000105fd7000

CodeCache: size=245760Kb used=9611Kb max_used=9632Kb free=236148Kb
 bounds [0x00000001080a1000, 0x0000000108a11000, 0x00000001170a1000]
 total_blobs=3762 nmethods=3065 adapters=610
 compilation: enabled

Compilation events (10 events):
Event: 130.874 Thread 0x00007fe6e2834000 3089   !   3       java.util.Collections$SynchronizedMap::entrySet (50 bytes)
Event: 130.875 Thread 0x00007fe6e2834000 nmethod 3089 0x00000001089c5250 code [0x00000001089c5440, 0x00000001089c5d08]
Event: 140.534 Thread 0x00007fe6e2834000 3091       3       org.hid4java.HidDeviceManager::getAttachedHidDevices (50 bytes)
Event: 140.536 Thread 0x00007fe6e2834000 nmethod 3091 0x00000001089eb1d0 code [0x00000001089eb420, 0x00000001089ec0e8]
Event: 141.048 Thread 0x00007fe6e2832800 3092       4       org.hid4java.HidDevice::equals (47 bytes)
Event: 141.049 Thread 0x00007fe6e2832800 nmethod 3092 0x000000010824fad0 code [0x000000010824fc20, 0x000000010824fdf8]
Event: 152.243 Thread 0x00007fe6e2830800 3093       4       com.sun.jna.Structure::layoutChanged (33 bytes)
Event: 152.243 Thread 0x00007fe6e2833000 3094       4       com.sun.jna.Pointer::share (22 bytes)
Event: 152.243 Thread 0x00007fe6e2833000 nmethod 3094 0x00000001081c11d0 code [0x00000001081c1320, 0x00000001081c13b8]
Event: 152.243 Thread 0x00007fe6e2830800 nmethod 3093 0x00000001081dbed0 code [0x00000001081dc020, 0x00000001081dc098]

GC Heap History (6 events):
Event: 1.064 GC heap before
{Heap before GC invocations=1 (full 0):
 PSYoungGen      total 47616K, used 40960K [0x000000078ab00000, 0x000000078e000000, 0x00000007c0000000)
  eden space 40960K, 100% used [0x000000078ab00000,0x000000078d300000,0x000000078d300000)
  from space 6656K, 0% used [0x000000078d980000,0x000000078d980000,0x000000078e000000)
  to   space 6656K, 0% used [0x000000078d300000,0x000000078d300000,0x000000078d980000)
 ParOldGen       total 109568K, used 0K [0x0000000720000000, 0x0000000726b00000, 0x000000078ab00000)
  object space 109568K, 0% used [0x0000000720000000,0x0000000720000000,0x0000000726b00000)
 Metaspace       used 13570K, capacity 13998K, committed 14208K, reserved 1060864K
  class space    used 1994K, capacity 2128K, committed 2176K, reserved 1048576K
Event: 1.069 GC heap after
Heap after GC invocations=1 (full 0):
 PSYoungGen      total 47616K, used 5134K [0x000000078ab00000, 0x000000078e000000, 0x00000007c0000000)
  eden space 40960K, 0% used [0x000000078ab00000,0x000000078ab00000,0x000000078d300000)
  from space 6656K, 77% used [0x000000078d300000,0x000000078d803ac8,0x000000078d980000)
  to   space 6656K, 0% used [0x000000078d980000,0x000000078d980000,0x000000078e000000)
 ParOldGen       total 109568K, used 80K [0x0000000720000000, 0x0000000726b00000, 0x000000078ab00000)
  object space 109568K, 0% used [0x0000000720000000,0x0000000720014010,0x0000000726b00000)
 Metaspace       used 13570K, capacity 13998K, committed 14208K, reserved 1060864K
  class space    used 1994K, capacity 2128K, committed 2176K, reserved 1048576K
}
Event: 1.668 GC heap before
{Heap before GC invocations=2 (full 0):
 PSYoungGen      total 47616K, used 41894K [0x000000078ab00000, 0x000000078e000000, 0x00000007c0000000)
  eden space 40960K, 89% used [0x000000078ab00000,0x000000078cee6108,0x000000078d300000)
  from space 6656K, 77% used [0x000000078d300000,0x000000078d803ac8,0x000000078d980000)
  to   space 6656K, 0% used [0x000000078d980000,0x000000078d980000,0x000000078e000000)
 ParOldGen       total 109568K, used 80K [0x0000000720000000, 0x0000000726b00000, 0x000000078ab00000)
  object space 109568K, 0% used [0x0000000720000000,0x0000000720014010,0x0000000726b00000)
 Metaspace       used 20599K, capacity 21116K, committed 21296K, reserved 1067008K
  class space    used 3067K, capacity 3199K, committed 3200K, reserved 1048576K
Event: 1.678 GC heap after
Heap after GC invocations=2 (full 0):
 PSYoungGen      total 47616K, used 6649K [0x000000078ab00000, 0x0000000790800000, 0x00000007c0000000)
  eden space 40960K, 0% used [0x000000078ab00000,0x000000078ab00000,0x000000078d300000)
  from space 6656K, 99% used [0x000000078d980000,0x000000078dffe6a0,0x000000078e000000)
  to   space 6656K, 0% used [0x000000078d300000,0x000000078d300000,0x000000078d980000)
 ParOldGen       total 109568K, used 4242K [0x0000000720000000, 0x0000000726b00000, 0x000000078ab00000)
  object space 109568K, 3% used [0x0000000720000000,0x0000000720424820,0x0000000726b00000)
 Metaspace       used 20599K, capacity 21116K, committed 21296K, reserved 1067008K
  class space    used 3067K, capacity 3199K, committed 3200K, reserved 1048576K
}
Event: 1.678 GC heap before
{Heap before GC invocations=3 (full 1):
 PSYoungGen      total 47616K, used 6649K [0x000000078ab00000, 0x0000000790800000, 0x00000007c0000000)
  eden space 40960K, 0% used [0x000000078ab00000,0x000000078ab00000,0x000000078d300000)
  from space 6656K, 99% used [0x000000078d980000,0x000000078dffe6a0,0x000000078e000000)
  to   space 6656K, 0% used [0x000000078d300000,0x000000078d300000,0x000000078d980000)
 ParOldGen       total 109568K, used 4242K [0x0000000720000000, 0x0000000726b00000, 0x000000078ab00000)
  object space 109568K, 3% used [0x0000000720000000,0x0000000720424820,0x0000000726b00000)
 Metaspace       used 20599K, capacity 21116K, committed 21296K, reserved 1067008K
  class space    used 3067K, capacity 3199K, committed 3200K, reserved 1048576K
Event: 1.715 GC heap after
Heap after GC invocations=3 (full 1):
 PSYoungGen      total 47616K, used 0K [0x000000078ab00000, 0x0000000790800000, 0x00000007c0000000)
  eden space 40960K, 0% used [0x000000078ab00000,0x000000078ab00000,0x000000078d300000)
  from space 6656K, 0% used [0x000000078d980000,0x000000078d980000,0x000000078e000000)
  to   space 6656K, 0% used [0x000000078d300000,0x000000078d300000,0x000000078d980000)
 ParOldGen       total 84992K, used 10665K [0x0000000720000000, 0x0000000725300000, 0x000000078ab00000)
  object space 84992K, 12% used [0x0000000720000000,0x0000000720a6a458,0x0000000725300000)
 Metaspace       used 20595K, capacity 21110K, committed 21296K, reserved 1067008K
  class space    used 3067K, capacity 3198K, committed 3200K, reserved 1048576K
}

Deoptimization events (10 events):
Event: 6.497 Thread 0x00007fe6e1898800 Uncommon trap: reason=class_check action=maybe_recompile pc=0x0000000108856ce0 method=javafx.scene.Node.updateLocalToParentTransform()V @ 11
Event: 27.618 Thread 0x00007fe6e2b2f000 Uncommon trap: reason=null_check action=make_not_entrant pc=0x00000001089b8c44 method=com.sun.jna.Native.getNativeSize(Ljava/lang/Class;)I @ 4
Event: 29.146 Thread 0x00007fe6e2b2f000 Uncommon trap: reason=null_check action=make_not_entrant pc=0x00000001089bbc2c method=com.sun.jna.Native.getNativeSize(Ljava/lang/Class;Ljava/lang/Object;)I @ 64
Event: 29.146 Thread 0x00007fe6e2b2f000 Uncommon trap: reason=null_check action=make_not_entrant pc=0x00000001089ba504 method=com.sun.jna.Native.getNativeSize(Ljava/lang/Class;Ljava/lang/Object;)I @ 64
Event: 29.659 Thread 0x00007fe6e2b2f000 Uncommon trap: reason=null_check action=make_not_entrant pc=0x00000001089ca7b0 method=com.sun.jna.Structure.readField(Lcom/sun/jna/Structure$StructField;)Ljava/lang/Object; @ 33
Event: 30.678 Thread 0x00007fe6e2b2f000 Uncommon trap: reason=null_check action=make_not_entrant pc=0x00000001089ccff0 method=com.sun.jna.Structure.readField(Lcom/sun/jna/Structure$StructField;)Ljava/lang/Object; @ 43
Event: 31.189 Thread 0x00007fe6e2b2f000 Uncommon trap: reason=null_check action=make_not_entrant pc=0x00000001089cf5d4 method=com.sun.jna.Structure.readField(Lcom/sun/jna/Structure$StructField;)Ljava/lang/Object; @ 59
Event: 31.700 Thread 0x00007fe6e2b2f000 Uncommon trap: reason=null_check action=make_not_entrant pc=0x00000001089d1bd8 method=com.sun.jna.Structure.readField(Lcom/sun/jna/Structure$StructField;)Ljava/lang/Object; @ 69
Event: 32.207 Thread 0x00007fe6e2b2f000 Uncommon trap: reason=null_check action=make_not_entrant pc=0x00000001089d3b74 method=com.sun.jna.Pointer.getValue(JLjava/lang/Class;Ljava/lang/Object;)Ljava/lang/Object; @ 7
Event: 32.717 Thread 0x00007fe6e2b2f000 Uncommon trap: reason=null_check action=make_not_entrant pc=0x00000001089d8240 method=com.sun.jna.Structure.readField(Lcom/sun/jna/Structure$StructField;)Ljava/lang/Object; @ 79

Internal exceptions (10 events):
Event: 1.294 Thread 0x00007fe6e1898800 Exception <a 'java/security/PrivilegedActionException'> (0x000000078bcaf1a8) thrown at [/Users/java_re/workspace/8-2-build-macosx-x86_64/jdk8u45/3457/hotspot/src/share/vm/prims/jvm.cpp, line 1382]
Event: 1.295 Thread 0x00007fe6e1898800 Exception <a 'java/security/PrivilegedActionException'> (0x000000078bcbe898) thrown at [/Users/java_re/workspace/8-2-build-macosx-x86_64/jdk8u45/3457/hotspot/src/share/vm/prims/jvm.cpp, line 1382]
Event: 1.295 Thread 0x00007fe6e1898800 Exception <a 'java/security/PrivilegedActionException'> (0x000000078bcbebe0) thrown at [/Users/java_re/workspace/8-2-build-macosx-x86_64/jdk8u45/3457/hotspot/src/share/vm/prims/jvm.cpp, line 1382]
Event: 1.295 Thread 0x00007fe6e1898800 Exception <a 'java/security/PrivilegedActionException'> (0x000000078bcc2890) thrown at [/Users/java_re/workspace/8-2-build-macosx-x86_64/jdk8u45/3457/hotspot/src/share/vm/prims/jvm.cpp, line 1382]
Event: 1.295 Thread 0x00007fe6e1898800 Exception <a 'java/security/PrivilegedActionException'> (0x000000078bcc2d68) thrown at [/Users/java_re/workspace/8-2-build-macosx-x86_64/jdk8u45/3457/hotspot/src/share/vm/prims/jvm.cpp, line 1382]
Event: 1.295 Thread 0x00007fe6e1898800 Exception <a 'java/security/PrivilegedActionException'> (0x000000078bcc6c40) thrown at [/Users/java_re/workspace/8-2-build-macosx-x86_64/jdk8u45/3457/hotspot/src/share/vm/prims/jvm.cpp, line 1382]
Event: 1.295 Thread 0x00007fe6e1898800 Exception <a 'java/security/PrivilegedActionException'> (0x000000078bcc6f88) thrown at [/Users/java_re/workspace/8-2-build-macosx-x86_64/jdk8u45/3457/hotspot/src/share/vm/prims/jvm.cpp, line 1382]
Event: 1.295 Thread 0x00007fe6e1898800 Exception <a 'java/security/PrivilegedActionException'> (0x000000078bccad78) thrown at [/Users/java_re/workspace/8-2-build-macosx-x86_64/jdk8u45/3457/hotspot/src/share/vm/prims/jvm.cpp, line 1382]
Event: 1.295 Thread 0x00007fe6e1898800 Exception <a 'java/security/PrivilegedActionException'> (0x000000078bccb250) thrown at [/Users/java_re/workspace/8-2-build-macosx-x86_64/jdk8u45/3457/hotspot/src/share/vm/prims/jvm.cpp, line 1382]
Event: 1.517 Thread 0x00007fe6e1898800 Implicit null exception at 0x00000001083e7435 to 0x00000001083e7671

Events (10 events):
Event: 32.233 Thread 0x00007fe6e2832800 flushing nmethod 0x000000010825b350
Event: 32.717 Thread 0x00007fe6e2b2f000 Uncommon trap: trap_request=0xfffffff4 fr.pc=0x00000001089d8240
Event: 32.717 Thread 0x00007fe6e2b2f000 DEOPT PACKING pc=0x00000001089d8240 sp=0x0000000127f42300
Event: 32.717 Thread 0x00007fe6e2b2f000 DEOPT UNPACKING pc=0x00000001080a6229 sp=0x0000000127f422c0 mode 2
Event: 32.740 Thread 0x00007fe6e2830800 flushing nmethod 0x0000000108282b50
Event: 32.740 Thread 0x00007fe6e2830800 flushing nmethod 0x000000010828c2d0
Event: 32.740 Thread 0x00007fe6e2830800 flushing nmethod 0x000000010828efd0
Event: 32.740 Thread 0x00007fe6e2830800 flushing nmethod 0x0000000108291710
Event: 123.257 loading class java/util/ArrayList$1
Event: 123.257 loading class java/util/ArrayList$1 done


Dynamic libraries:
0x0000000007281000 	/System/Library/Frameworks/Cocoa.framework/Versions/A/Cocoa
0x0000000007281000 	/System/Library/Frameworks/Security.framework/Versions/A/Security
0x0000000007281000 	/System/Library/Frameworks/ApplicationServices.framework/Versions/A/ApplicationServices
0x0000000007281000 	/usr/lib/libz.1.dylib
0x0000000007281000 	/usr/lib/libSystem.B.dylib
0x0000000007281000 	/usr/lib/libobjc.A.dylib
0x0000000007281000 	/System/Library/Frameworks/CoreFoundation.framework/Versions/A/CoreFoundation
0x0000000007281000 	/System/Library/Frameworks/Foundation.framework/Versions/C/Foundation
0x0000000007281000 	/System/Library/Frameworks/AppKit.framework/Versions/C/AppKit
0x0000000007281000 	/System/Library/Frameworks/CoreData.framework/Versions/A/CoreData
0x0000000007281000 	/System/Library/PrivateFrameworks/RemoteViewServices.framework/Versions/A/RemoteViewServices
0x0000000007281000 	/System/Library/PrivateFrameworks/UIFoundation.framework/Versions/A/UIFoundation
0x0000000007281000 	/System/Library/Frameworks/IOSurface.framework/Versions/A/IOSurface
0x0000000007281000 	/System/Library/Frameworks/AudioToolbox.framework/Versions/A/AudioToolbox
0x0000000007281000 	/System/Library/Frameworks/AudioUnit.framework/Versions/A/AudioUnit
0x0000000007281000 	/System/Library/PrivateFrameworks/DataDetectorsCore.framework/Versions/A/DataDetectorsCore
0x0000000007281000 	/System/Library/PrivateFrameworks/DesktopServicesPriv.framework/Versions/A/DesktopServicesPriv
0x0000000007281000 	/System/Library/Frameworks/Carbon.framework/Versions/A/Frameworks/HIToolbox.framework/Versions/A/HIToolbox
0x0000000007281000 	/System/Library/Frameworks/QuartzCore.framework/Versions/A/QuartzCore
0x0000000007281000 	/System/Library/Frameworks/Carbon.framework/Versions/A/Frameworks/SpeechRecognition.framework/Versions/A/SpeechRecognition
0x0000000007281000 	/usr/lib/libauto.dylib
0x0000000007281000 	/usr/lib/libicucore.A.dylib
0x0000000007281000 	/usr/lib/libxml2.2.dylib
0x0000000007281000 	/System/Library/PrivateFrameworks/CoreUI.framework/Versions/A/CoreUI
0x0000000007281000 	/System/Library/Frameworks/CoreAudio.framework/Versions/A/CoreAudio
0x0000000007281000 	/System/Library/Frameworks/DiskArbitration.framework/Versions/A/DiskArbitration
0x0000000007281000 	/usr/lib/liblangid.dylib
0x0000000007281000 	/System/Library/PrivateFrameworks/MultitouchSupport.framework/Versions/A/MultitouchSupport
0x0000000007281000 	/System/Library/Frameworks/IOKit.framework/Versions/A/IOKit
0x0000000007281000 	/usr/lib/libDiagnosticMessagesClient.dylib
0x0000000007281000 	/System/Library/Frameworks/CoreServices.framework/Versions/A/CoreServices
0x0000000007281000 	/System/Library/PrivateFrameworks/PerformanceAnalysis.framework/Versions/A/PerformanceAnalysis
0x0000000007281000 	/System/Library/PrivateFrameworks/GenerationalStorage.framework/Versions/A/GenerationalStorage
0x0000000007281000 	/System/Library/Frameworks/OpenGL.framework/Versions/A/OpenGL
0x0000000007281000 	/System/Library/PrivateFrameworks/Sharing.framework/Versions/A/Sharing
0x0000000007281000 	/System/Library/Frameworks/CoreGraphics.framework/Versions/A/CoreGraphics
0x0000000007281000 	/System/Library/Frameworks/CoreText.framework/Versions/A/CoreText
0x0000000007281000 	/System/Library/Frameworks/ImageIO.framework/Versions/A/ImageIO
0x0000000007281000 	/usr/lib/libextension.dylib
0x0000000007281000 	/System/Library/PrivateFrameworks/Backup.framework/Versions/A/Backup
0x0000000007281000 	/usr/lib/libarchive.2.dylib
0x0000000007281000 	/System/Library/Frameworks/CFNetwork.framework/Versions/A/CFNetwork
0x0000000007281000 	/System/Library/Frameworks/SystemConfiguration.framework/Versions/A/SystemConfiguration
0x0000000007281000 	/usr/lib/libCRFSuite.dylib
0x0000000007281000 	/usr/lib/libc++.1.dylib
0x0000000007281000 	/usr/lib/libc++abi.dylib
0x0000000007281000 	/usr/lib/system/libcache.dylib
0x0000000007281000 	/usr/lib/system/libcommonCrypto.dylib
0x0000000007281000 	/usr/lib/system/libcompiler_rt.dylib
0x0000000007281000 	/usr/lib/system/libcopyfile.dylib
0x0000000007281000 	/usr/lib/system/libcorecrypto.dylib
0x0000000007281000 	/usr/lib/system/libdispatch.dylib
0x0000000007281000 	/usr/lib/system/libdyld.dylib
0x0000000007281000 	/usr/lib/system/libkeymgr.dylib
0x0000000007281000 	/usr/lib/system/liblaunch.dylib
0x0000000007281000 	/usr/lib/system/libmacho.dylib
0x0000000007281000 	/usr/lib/system/libquarantine.dylib
0x0000000007281000 	/usr/lib/system/libremovefile.dylib
0x0000000007281000 	/usr/lib/system/libsystem_asl.dylib
0x0000000007281000 	/usr/lib/system/libsystem_blocks.dylib
0x0000000007281000 	/usr/lib/system/libsystem_c.dylib
0x0000000007281000 	/usr/lib/system/libsystem_configuration.dylib
0x0000000007281000 	/usr/lib/system/libsystem_coreservices.dylib
0x0000000007281000 	/usr/lib/system/libsystem_coretls.dylib
0x0000000007281000 	/usr/lib/system/libsystem_dnssd.dylib
0x0000000007281000 	/usr/lib/system/libsystem_info.dylib
0x0000000007281000 	/usr/lib/system/libsystem_kernel.dylib
0x0000000007281000 	/usr/lib/system/libsystem_m.dylib
0x0000000007281000 	/usr/lib/system/libsystem_malloc.dylib
0x0000000007281000 	/usr/lib/system/libsystem_network.dylib
0x0000000007281000 	/usr/lib/system/libsystem_networkextension.dylib
0x0000000007281000 	/usr/lib/system/libsystem_notify.dylib
0x0000000007281000 	/usr/lib/system/libsystem_platform.dylib
0x0000000007281000 	/usr/lib/system/libsystem_pthread.dylib
0x0000000007281000 	/usr/lib/system/libsystem_sandbox.dylib
0x0000000007281000 	/usr/lib/system/libsystem_secinit.dylib
0x0000000007281000 	/usr/lib/system/libsystem_stats.dylib
0x0000000007281000 	/usr/lib/system/libsystem_trace.dylib
0x0000000007281000 	/usr/lib/system/libunc.dylib
0x0000000007281000 	/usr/lib/system/libunwind.dylib
0x0000000007281000 	/usr/lib/system/libxpc.dylib
0x0000000007281000 	/usr/lib/libbz2.1.0.dylib
0x0000000007281000 	/usr/lib/liblzma.5.dylib
0x0000000007281000 	/usr/lib/libbsm.0.dylib
0x0000000007281000 	/usr/lib/libsqlite3.dylib
0x0000000007281000 	/usr/lib/system/libkxld.dylib
0x0000000007281000 	/usr/lib/libxar.1.dylib
0x0000000007281000 	/usr/lib/libpam.2.dylib
0x0000000007281000 	/usr/lib/libOpenScriptingUtil.dylib
0x0000000007281000 	/System/Library/Frameworks/CoreServices.framework/Versions/A/Frameworks/FSEvents.framework/Versions/A/FSEvents
0x0000000007281000 	/System/Library/Frameworks/CoreServices.framework/Versions/A/Frameworks/CarbonCore.framework/Versions/A/CarbonCore
0x0000000007281000 	/System/Library/Frameworks/CoreServices.framework/Versions/A/Frameworks/Metadata.framework/Versions/A/Metadata
0x0000000007281000 	/System/Library/Frameworks/CoreServices.framework/Versions/A/Frameworks/OSServices.framework/Versions/A/OSServices
0x0000000007281000 	/System/Library/Frameworks/CoreServices.framework/Versions/A/Frameworks/SearchKit.framework/Versions/A/SearchKit
0x0000000007281000 	/System/Library/Frameworks/CoreServices.framework/Versions/A/Frameworks/AE.framework/Versions/A/AE
0x0000000007281000 	/System/Library/Frameworks/CoreServices.framework/Versions/A/Frameworks/LaunchServices.framework/Versions/A/LaunchServices
0x0000000007281000 	/System/Library/Frameworks/CoreServices.framework/Versions/A/Frameworks/DictionaryServices.framework/Versions/A/DictionaryServices
0x0000000007281000 	/System/Library/Frameworks/NetFS.framework/Versions/A/NetFS
0x0000000007281000 	/System/Library/PrivateFrameworks/NetAuth.framework/Versions/A/NetAuth
0x0000000007281000 	/System/Library/PrivateFrameworks/login.framework/Versions/A/Frameworks/loginsupport.framework/Versions/A/loginsupport
0x0000000007281000 	/System/Library/PrivateFrameworks/TCC.framework/Versions/A/TCC
0x0000000007281000 	/usr/lib/libmecabra.dylib
0x0000000007281000 	/System/Library/Frameworks/ApplicationServices.framework/Versions/A/Frameworks/ATS.framework/Versions/A/ATS
0x0000000007281000 	/System/Library/Frameworks/ApplicationServices.framework/Versions/A/Frameworks/ColorSync.framework/Versions/A/ColorSync
0x0000000007281000 	/System/Library/Frameworks/ApplicationServices.framework/Versions/A/Frameworks/HIServices.framework/Versions/A/HIServices
0x0000000007281000 	/System/Library/Frameworks/ApplicationServices.framework/Versions/A/Frameworks/LangAnalysis.framework/Versions/A/LangAnalysis
0x0000000007281000 	/System/Library/Frameworks/ApplicationServices.framework/Versions/A/Frameworks/PrintCore.framework/Versions/A/PrintCore
0x0000000007281000 	/System/Library/Frameworks/ApplicationServices.framework/Versions/A/Frameworks/QD.framework/Versions/A/QD
0x0000000007281000 	/System/Library/Frameworks/ApplicationServices.framework/Versions/A/Frameworks/SpeechSynthesis.framework/Versions/A/SpeechSynthesis
0x0000000007281000 	/System/Library/Frameworks/Accelerate.framework/Versions/A/Accelerate
0x0000000007281000 	/System/Library/Frameworks/Accelerate.framework/Versions/A/Frameworks/vImage.framework/Versions/A/vImage
0x0000000007281000 	/System/Library/Frameworks/Accelerate.framework/Versions/A/Frameworks/vecLib.framework/Versions/A/vecLib
0x0000000007281000 	/System/Library/Frameworks/Accelerate.framework/Versions/A/Frameworks/vecLib.framework/Versions/A/libvDSP.dylib
0x0000000007281000 	/System/Library/Frameworks/Accelerate.framework/Versions/A/Frameworks/vecLib.framework/Versions/A/libvMisc.dylib
0x0000000007281000 	/System/Library/Frameworks/Accelerate.framework/Versions/A/Frameworks/vecLib.framework/Versions/A/libLAPACK.dylib
0x0000000007281000 	/System/Library/Frameworks/Accelerate.framework/Versions/A/Frameworks/vecLib.framework/Versions/A/libBLAS.dylib
0x0000000007281000 	/System/Library/Frameworks/Accelerate.framework/Versions/A/Frameworks/vecLib.framework/Versions/A/libLinearAlgebra.dylib
0x0000000007281000 	/System/Library/Frameworks/ApplicationServices.framework/Versions/A/Frameworks/ATS.framework/Versions/A/Resources/libFontParser.dylib
0x0000000007281000 	/System/Library/Frameworks/ApplicationServices.framework/Versions/A/Frameworks/ATS.framework/Versions/A/Resources/libFontRegistry.dylib
0x0000000007281000 	/System/Library/PrivateFrameworks/AppleVPA.framework/Versions/A/AppleVPA
0x0000000007281000 	/System/Library/PrivateFrameworks/AppleJPEG.framework/Versions/A/AppleJPEG
0x0000000007281000 	/System/Library/Frameworks/ImageIO.framework/Versions/A/Resources/libJPEG.dylib
0x0000000007281000 	/System/Library/Frameworks/ImageIO.framework/Versions/A/Resources/libTIFF.dylib
0x0000000007281000 	/System/Library/Frameworks/ImageIO.framework/Versions/A/Resources/libPng.dylib
0x0000000007281000 	/System/Library/Frameworks/ImageIO.framework/Versions/A/Resources/libGIF.dylib
0x0000000007281000 	/System/Library/Frameworks/ImageIO.framework/Versions/A/Resources/libJP2.dylib
0x0000000007281000 	/System/Library/Frameworks/ImageIO.framework/Versions/A/Resources/libRadiance.dylib
0x0000000007281000 	/System/Library/Frameworks/CoreVideo.framework/Versions/A/CoreVideo
0x0000000007281000 	/System/Library/Frameworks/OpenGL.framework/Versions/A/Libraries/libGLU.dylib
0x0000000007281000 	/System/Library/Frameworks/OpenGL.framework/Versions/A/Libraries/libGFXShared.dylib
0x0000000007281000 	/System/Library/Frameworks/OpenGL.framework/Versions/A/Libraries/libGL.dylib
0x0000000007281000 	/System/Library/Frameworks/OpenGL.framework/Versions/A/Libraries/libGLImage.dylib
0x0000000007281000 	/System/Library/Frameworks/OpenGL.framework/Versions/A/Libraries/libCVMSPluginSupport.dylib
0x0000000007281000 	/System/Library/Frameworks/OpenGL.framework/Versions/A/Libraries/libCoreVMClient.dylib
0x0000000007281000 	/usr/lib/libcups.2.dylib
0x0000000007281000 	/System/Library/Frameworks/Kerberos.framework/Versions/A/Kerberos
0x0000000007281000 	/System/Library/Frameworks/GSS.framework/Versions/A/GSS
0x0000000007281000 	/usr/lib/libresolv.9.dylib
0x0000000007281000 	/usr/lib/libiconv.2.dylib
0x0000000007281000 	/System/Library/PrivateFrameworks/Heimdal.framework/Versions/A/Heimdal
0x0000000007281000 	/usr/lib/libheimdal-asn1.dylib
0x0000000007281000 	/System/Library/Frameworks/OpenDirectory.framework/Versions/A/OpenDirectory
0x0000000007281000 	/System/Library/PrivateFrameworks/CommonAuth.framework/Versions/A/CommonAuth
0x0000000007281000 	/System/Library/Frameworks/OpenDirectory.framework/Versions/A/Frameworks/CFOpenDirectory.framework/Versions/A/CFOpenDirectory
0x0000000007281000 	/System/Library/Frameworks/SecurityFoundation.framework/Versions/A/SecurityFoundation
0x0000000007281000 	/System/Library/PrivateFrameworks/LanguageModeling.framework/Versions/A/LanguageModeling
0x0000000007281000 	/usr/lib/libcmph.dylib
0x0000000007281000 	/System/Library/Frameworks/ServiceManagement.framework/Versions/A/ServiceManagement
0x0000000007281000 	/usr/lib/libxslt.1.dylib
0x0000000007281000 	/System/Library/Frameworks/Carbon.framework/Versions/A/Frameworks/Ink.framework/Versions/A/Ink
0x0000000007281000 	/System/Library/Frameworks/QuartzCore.framework/Versions/A/Frameworks/CoreImage.framework/Versions/A/CoreImage
0x0000000007281000 	/System/Library/PrivateFrameworks/CrashReporterSupport.framework/Versions/A/CrashReporterSupport
0x0000000007281000 	/System/Library/Frameworks/OpenCL.framework/Versions/A/OpenCL
0x0000000007281000 	/System/Library/PrivateFrameworks/FaceCore.framework/Versions/A/FaceCore
0x0000000007281000 	/System/Library/PrivateFrameworks/Ubiquity.framework/Versions/A/Ubiquity
0x0000000007281000 	/System/Library/PrivateFrameworks/IconServices.framework/Versions/A/IconServices
0x0000000007281000 	/System/Library/PrivateFrameworks/ChunkingLibrary.framework/Versions/A/ChunkingLibrary
0x0000000007281000 	/System/Library/PrivateFrameworks/Apple80211.framework/Versions/A/Apple80211
0x0000000007281000 	/System/Library/Frameworks/CoreWLAN.framework/Versions/A/CoreWLAN
0x0000000007281000 	/System/Library/Frameworks/IOBluetooth.framework/Versions/A/IOBluetooth
0x0000000007281000 	/System/Library/PrivateFrameworks/CoreWiFi.framework/Versions/A/CoreWiFi
0x0000000007281000 	/System/Library/Frameworks/CoreBluetooth.framework/Versions/A/CoreBluetooth
0x0000000007281000 	/System/Library/PrivateFrameworks/DebugSymbols.framework/Versions/A/DebugSymbols
0x0000000007281000 	/System/Library/PrivateFrameworks/CoreSymbolication.framework/Versions/A/CoreSymbolication
0x0000000007281000 	/System/Library/PrivateFrameworks/Symbolication.framework/Versions/A/Symbolication
0x0000000007281000 	/System/Library/PrivateFrameworks/SpeechRecognitionCore.framework/Versions/A/SpeechRecognitionCore
0x0000000107000000 	/Library/Java/JavaVirtualMachines/jdk1.8.0_45.jdk/Contents/Home/jre/lib/server/libjvm.dylib
0x0000000007281000 	/usr/lib/libstdc++.6.dylib
0x0000000105fc9000 	/Library/Java/JavaVirtualMachines/jdk1.8.0_45.jdk/Contents/Home/jre/lib/libverify.dylib
0x000000010806c000 	/Library/Java/JavaVirtualMachines/jdk1.8.0_45.jdk/Contents/Home/jre/lib/libjava.dylib
0x0000000105fe1000 	/Library/Java/JavaVirtualMachines/jdk1.8.0_45.jdk/Contents/Home/jre/lib/libzip.dylib
0x0000000120431000 	/System/Library/Frameworks/JavaVM.framework/Frameworks/JavaRuntimeSupport.framework/JavaRuntimeSupport
0x0000000105fea000 	/System/Library/Frameworks/JavaVM.framework/Versions/A/Frameworks/JavaNativeFoundation.framework/Versions/A/JavaNativeFoundation
0x0000000120449000 	/System/Library/Frameworks/JavaVM.framework/Versions/A/JavaVM
0x0000000007281000 	/System/Library/Frameworks/Carbon.framework/Versions/A/Carbon
0x0000000120456000 	/System/Library/PrivateFrameworks/JavaLaunching.framework/Versions/A/JavaLaunching
0x0000000007281000 	/System/Library/Frameworks/Carbon.framework/Versions/A/Frameworks/CommonPanels.framework/Versions/A/CommonPanels
0x0000000007281000 	/System/Library/Frameworks/Carbon.framework/Versions/A/Frameworks/Help.framework/Versions/A/Help
0x0000000007281000 	/System/Library/Frameworks/Carbon.framework/Versions/A/Frameworks/ImageCapture.framework/Versions/A/ImageCapture
0x0000000007281000 	/System/Library/Frameworks/Carbon.framework/Versions/A/Frameworks/OpenScripting.framework/Versions/A/OpenScripting
0x0000000007281000 	/System/Library/Frameworks/Carbon.framework/Versions/A/Frameworks/Print.framework/Versions/A/Print
0x0000000007281000 	/System/Library/Frameworks/Carbon.framework/Versions/A/Frameworks/SecurityHI.framework/Versions/A/SecurityHI
0x000000012262a000 	/Library/Java/JavaVirtualMachines/jdk1.8.0_45.jdk/Contents/Home/jre/lib/libprism_es2.dylib
0x0000000007281000 	/System/Library/Frameworks/OpenGL.framework/Versions/A/Resources/GLEngine.bundle/GLEngine
0x0000000007281000 	/System/Library/Frameworks/OpenGL.framework/Versions/A/Libraries/libGLProgrammability.dylib
0x0000000000000000 	/System/Library/Extensions/AppleIntelHD4000GraphicsGLDriver.bundle/Contents/MacOS/AppleIntelHD4000GraphicsGLDriver
0x0000000007281000 	/System/Library/PrivateFrameworks/IOAccelerator.framework/Versions/A/IOAccelerator
0x0000000007281000 	/System/Library/PrivateFrameworks/GPUSupport.framework/Versions/A/Libraries/libGPUSupportMercury.dylib
0x0000000000000000 	/System/Library/Extensions/GeForceGLDriver.bundle/Contents/MacOS/GeForceGLDriver
0x0000000007281000 	/System/Library/Extensions/GeForceGLDriver.bundle/Contents/MacOS/libclh.dylib
0x0000000007281000 	/System/Library/Frameworks/OpenGL.framework/Versions/A/Resources/GLRendererFloat.bundle/GLRendererFloat
0x0000000007281000 	/System/Library/Frameworks/OpenCL.framework/Versions/A/Libraries/libcldcpuengine.dylib
0x0000000007281000 	/System/Library/PrivateFrameworks/DiskImages.framework/Versions/A/DiskImages
0x0000000007281000 	/System/Library/Frameworks/DiscRecording.framework/Versions/A/DiscRecording
0x0000000007281000 	/usr/lib/libcsfde.dylib
0x0000000007281000 	/usr/lib/libcurl.4.dylib
0x0000000007281000 	/System/Library/PrivateFrameworks/MediaKit.framework/Versions/A/MediaKit
0x0000000007281000 	/System/Library/PrivateFrameworks/ProtectedCloudStorage.framework/Versions/A/ProtectedCloudStorage
0x0000000007281000 	/usr/lib/libCoreStorage.dylib
0x0000000007281000 	/System/Library/PrivateFrameworks/EFILogin.framework/Versions/A/EFILogin
0x0000000007281000 	/usr/lib/libutil.dylib
0x0000000007281000 	/System/Library/PrivateFrameworks/FindMyDevice.framework/Versions/A/FindMyDevice
0x0000000007281000 	/System/Library/Frameworks/LDAP.framework/Versions/A/LDAP
0x0000000007281000 	/usr/lib/libsasl2.2.dylib
0x0000000007281000 	/System/Library/PrivateFrameworks/CoreDaemon.framework/Versions/B/CoreDaemon
0x0000000007281000 	/usr/lib/libcrypto.0.9.8.dylib
0x0000000007281000 	/System/Library/PrivateFrameworks/AppleSRP.framework/Versions/A/AppleSRP
0x0000000007281000 	/System/Library/PrivateFrameworks/TrustEvaluationAgent.framework/Versions/A/TrustEvaluationAgent
0x0000000122d1a000 	/Library/Java/JavaVirtualMachines/jdk1.8.0_45.jdk/Contents/Home/jre/lib/libglass.dylib
0x0000000007281000 	/System/Library/PrivateFrameworks/CoreServicesInternal.framework/Versions/A/CoreServicesInternal
0x0000000007281000 	/System/Library/PrivateFrameworks/CloudDocs.framework/Versions/A/CloudDocs
0x0000000007281000 	/System/Library/PrivateFrameworks/CoreDuet.framework/Versions/A/CoreDuet
0x0000000007281000 	/System/Library/Frameworks/CloudKit.framework/Versions/A/CloudKit
0x0000000007281000 	/System/Library/PrivateFrameworks/ProtocolBuffer.framework/Versions/A/ProtocolBuffer
0x0000000007281000 	/System/Library/PrivateFrameworks/CoreDuetDaemonProtocol.framework/Versions/A/CoreDuetDaemonProtocol
0x0000000007281000 	/System/Library/PrivateFrameworks/CoreDuetDebugLogging.framework/Versions/A/CoreDuetDebugLogging
0x0000000007281000 	/System/Library/PrivateFrameworks/MMCS.framework/Versions/A/MMCS
0x0000000007281000 	/System/Library/Frameworks/CoreLocation.framework/Versions/A/CoreLocation
0x0000000007281000 	/System/Library/PrivateFrameworks/GeoServices.framework/Versions/A/GeoServices
0x0000000007281000 	/System/Library/Frameworks/CoreGraphics.framework/Versions/A/Resources/libCGCMS.A.dylib
0x0000000007281000 	/System/Library/CoreServices/RawCamera.bundle/Contents/MacOS/RawCamera
0x0000000007281000 	/System/Library/Frameworks/CoreGraphics.framework/Versions/A/Resources/libRIP.A.dylib
0x0000000007281000 	/System/Library/PrivateFrameworks/FamilyControls.framework/Versions/A/FamilyControls
0x0000000007281000 	/System/Library/PrivateFrameworks/CommerceKit.framework/Versions/A/Frameworks/CommerceCore.framework/Versions/A/CommerceCore
0x0000000007281000 	/System/Library/PrivateFrameworks/SystemAdministration.framework/Versions/A/SystemAdministration
0x0000000007281000 	/System/Library/PrivateFrameworks/AppContainer.framework/Versions/A/AppContainer
0x0000000007281000 	/System/Library/PrivateFrameworks/SecCodeWrapper.framework/Versions/A/SecCodeWrapper
0x0000000007281000 	/System/Library/Frameworks/DirectoryService.framework/Versions/A/DirectoryService
0x0000000007281000 	/System/Library/PrivateFrameworks/LoginUIKit.framework/Versions/A/Frameworks/LoginUICore.framework/Versions/A/LoginUICore
0x0000000007281000 	/usr/lib/libodfde.dylib
0x00000001245dd000 	/Library/Java/JavaVirtualMachines/jdk1.8.0_45.jdk/Contents/Home/jre/lib/libjavafx_font.dylib
0x0000000007281000 	/System/Library/Frameworks/CoreGraphics.framework/Versions/A/Resources/libCGXType.A.dylib
0x000000012486a000 	/private/var/folders/5r/x2wxgzn500n3xb_7ydpswjmw0000gn/T/jna--1149625013/jna1742414439796261216.tmp
0x000000012487f000 	/var/folders/5r/x2wxgzn500n3xb_7ydpswjmw0000gn/T/jna--1149625013/jna6716192091078980479.tmp
0x0000000124885000 	/System/Library/Extensions/IOHIDFamily.kext/Contents/PlugIns/IOHIDLib.plugin/Contents/MacOS/IOHIDLib
0x000000012744c000 	cl_kernels
0x0000000129ea1000 	/System/Library/Frameworks/OpenCL.framework/Versions/A/Libraries/ImageFormats/unorm8_bgra.dylib
0x0000000127450000 	cl_kernels
0x0000000126e93000 	/Library/Java/JavaVirtualMachines/jdk1.8.0_45.jdk/Contents/Home/jre/lib/libprism_common.dylib

VM Arguments:
jvm_args: -Dfile.encoding=UTF-8 
java_command: /Users/eDelgado/Proyectos/Tide/Java/Senso/dist/run550674808/Senso.jar
java_class_path (initial): /Users/eDelgado/Proyectos/Tide/Java/Senso/dist/run550674808/Senso.jar
Launcher Type: SUN_STANDARD

Environment Variables:
PATH=/usr/bin:/bin:/usr/sbin:/sbin
LD_LIBRARY_PATH=/Library/Java/JavaVirtualMachines/jdk1.8.0_45.jdk/Contents/Home/jre/lib/amd64:/Library/Java/JavaVirtualMachines/jdk1.8.0_45.jdk/Contents/Home/jre/lib/i386:
SHELL=/bin/bash
DISPLAY=/private/tmp/com.apple.launchd.xDib5SMbae/org.macosforge.xquartz:0
DYLD_LIBRARY_PATH=/Applications/NetBeans/NetBeans 8.0.2.app/Contents/Resources/NetBeans/webcommon/bin:

Signal Handlers:
SIGSEGV: [libjvm.dylib+0x58ef95], sa_mask[0]=11111111011111110111111111111111, sa_flags=SA_ONSTACK|SA_RESTART|SA_SIGINFO
SIGBUS: [libjvm.dylib+0x58ef95], sa_mask[0]=11111111011111110111111111111111, sa_flags=SA_RESTART|SA_SIGINFO
SIGFPE: [libjvm.dylib+0x46c108], sa_mask[0]=11111111011111110111111111111111, sa_flags=SA_RESTART|SA_SIGINFO
SIGPIPE: [libjvm.dylib+0x46c108], sa_mask[0]=11111111011111110111111111111111, sa_flags=SA_RESTART|SA_SIGINFO
SIGXFSZ: [libjvm.dylib+0x46c108], sa_mask[0]=11111111011111110111111111111111, sa_flags=SA_RESTART|SA_SIGINFO
SIGILL: [libjvm.dylib+0x46c108], sa_mask[0]=11111111011111110111111111111111, sa_flags=SA_RESTART|SA_SIGINFO
SIGUSR1: SIG_DFL, sa_mask[0]=00000000000000000000000000000000, sa_flags=none
SIGUSR2: [libjvm.dylib+0x46bc26], sa_mask[0]=00100000000000000000000000000000, sa_flags=SA_RESTART|SA_SIGINFO
SIGHUP: [libjvm.dylib+0x46a1f9], sa_mask[0]=11111111011111110111111111111111, sa_flags=SA_RESTART|SA_SIGINFO
SIGINT: SIG_IGN, sa_mask[0]=00000000000000000000000000000000, sa_flags=none
SIGTERM: [libjvm.dylib+0x46a1f9], sa_mask[0]=11111111011111110111111111111111, sa_flags=SA_RESTART|SA_SIGINFO
SIGQUIT: [libjvm.dylib+0x46a1f9], sa_mask[0]=11111111011111110111111111111111, sa_flags=SA_RESTART|SA_SIGINFO


---------------  S Y S T E M  ---------------

OS:Bsduname:Darwin 14.3.0 Darwin Kernel Version 14.3.0: Mon Mar 23 11:59:05 PDT 2015; root:xnu-2782.20.48~5/RELEASE_X86_64 x86_64
rlimit: STACK 8192k, CORE 0k, NPROC 709, NOFILE 10240, AS infinity
load average:2.38 2.49 2.39

CPU:total 8 (4 cores per cpu, 2 threads per core) family 6 model 58 stepping 9, cmov, cx8, fxsr, mmx, sse, sse2, sse3, ssse3, sse4.1, sse4.2, popcnt, avx, aes, clmul, erms, ht, tsc, tscinvbit, tscinv

Memory: 4k page, physical 10485760k(977824k free)

/proc/meminfo:


vm_info: Java HotSpot(TM) 64-Bit Server VM (25.45-b02) for bsd-amd64 JRE (1.8.0_45-b14), built on Apr 10 2015 10:46:38 by "java_re" with gcc 4.2.1 (Based on Apple Inc. build 5658) (LLVM build 2336.11.00)

time: Thu Jun 18 15:54:23 2015
elapsed time: 210 seconds (0d 0h 3m 30s)

